                        .module EEPROM.C
                        .area text(rom, con, rel)
 0000                   .dbfile ..\..\..\..\KERNEL~1\ATmega162\内核－EEPROM\EEPROM\EEPROM.C
 0000                   .dbfile D:\ICC_H\Software.H
 0000                   .dbfunc e speaData _speaData fV
 0000           ;              y -> y+4
 0000           ;              j -> y+0
 0000           ;              i -> R10
 0000           ;            len -> R12
 0000           ;            dat -> y+16
                        .even
 0000           _speaData::
 0000 0E940000          xcall push_arg4
 0004 0E940000          xcall push_xgsetF03C
 0008 2897              sbiw R28,8
 000A CC88              ldd R12,y+20
 000C                   .dbline -1
 000C                   .dbline 116
 000C           ; /*********************************************************************
 000C           ;       微 雪 电 子   WaveShare   http://www.waveShare.net              
 000C           ;                                                                       
 000C           ; 目    的:   建立AVR的软件提取库，增加各类补丁，方便系统程序移植
 000C           ;       
 000C           ; 目标系统:   基于AVR单片机
 000C           ;                                                                               
 000C           ; 应用软件:   ICCAVR
 000C           ;                                                                               
 000C           ; 版    本:   Version 1.0                                                       
 000C           ;                                                                               
 000C           ; 圆版时间:   2005-06-25
 000C           ;       
 000C           ; 开发人员:   SEE
 000C           ; 
 000C           ; 说    明:   若用于商业用途，请保留此段文字或注明代码来源
 000C           ;       
 000C           ;       深 圳 市 微 雪 电 子 有 限 公 司 保 留 所 有 的 版 权     
 000C           ; *********************************************************************/
 000C           ; 
 000C           ; /*01010101010101010101010101010101010101010101010101010101010101010101
 000C           ; ----------------------------------------------------------------------
 000C           ; 版本更新记录：
 000C           ; 
 000C           ; ----------------------------------------------------------------------
 000C           ; 入口参数说明：
 000C           ; 
 000C           ; ----------------------------------------------------------------------
 000C           ; 待定参数说明：
 000C           ; 
 000C           ; ----------------------------------------------------------------------        
 000C           ; 对外变量说明：
 000C           ;     
 000C           ; ----------------------------------------------------------------------
 000C           ; 对外函数说明：
 000C           ;    
 000C           ; ----------------------------------------------------------------------
 000C           ; 10101010101010101010101010101010101010101010101010101010101010101010*/
 000C           ; 
 000C           ; #ifndef Software_H
 000C           ; #define Software_H
 000C           ; 
 000C           ; #include <math.h>
 000C           ; #include <string.h>
 000C           ; 
 000C           ; /* 兼容一般程序员的常用写法 */
 000C           ; typedef unsigned char uchar;
 000C           ; typedef unsigned int  uint;
 000C           ; typedef unsigned long ulong;
 000C           ; typedef signed char           schar;
 000C           ; typedef signed int            sint;
 000C           ; typedef signed long           slong;
 000C           ; 
 000C           ; /* 为方便移植，建议使用下面写法 */
 000C           ; typedef unsigned char bool;
 000C           ; typedef unsigned char uint8;
 000C           ; typedef unsigned int  uint16;
 000C           ; typedef unsigned long   uint32;
 000C           ; typedef signed  char  sint8;
 000C           ; typedef signed        int             sint16;
 000C           ; typedef signed        long    sint32;
 000C           ; typedef signed  char  int8;
 000C           ; typedef signed  int           int16;
 000C           ; typedef signed  long  int32;
 000C           ; 
 000C           ; /* 下面写法一般不推荐 */
 000C           ; //typedef unsigned char ubyte;
 000C           ; //typedef unsigned int        uword;
 000C           ; //typedef unsigned long udword;
 000C           ; //typedef signed   char       sbyte;
 000C           ; //typedef signed   int        sword;
 000C           ; //typedef signed   long       sdword;
 000C           ; 
 000C           ; /* 一般程序定义的默认值 */
 000C           ; //#define NULL                        0
 000C           ; //#define EOF                 -1
 000C           ; //#define TRUE                1
 000C           ; //#define FALSE               0
 000C           ; //#define YES                 1
 000C           ; //#define NO                          0
 000C           ; //#define ON                  1
 000C           ; //#define OFF                 0
 000C           ; //#define ENABLE              1
 000C           ; //#define DISABLE             0
 000C           ; //#define CRR                 1
 000C           ; //#define ERR                 0
 000C           ; //#define RIGHT                       1
 000C           ; //#define WRONG                       0
 000C           ; //#define SUCCESS             1
 000C           ; //#define FAILURE             0
 000C           ; //#define PI                  3.1415926       //3.1415926535897932
 000C           ; 
 000C           ; /* 如果你手头上的RAM实在很紧，不如尝试下面的define～ */
 000C           ; //#define _CALLOC(a)          ( (a *)calloc(n,sizeof(a)) )
 000C           ; //#define _MALLOC(a)          ( (a *)malloc(sizeof(a)) )
 000C           ; //#define _MIN(a,b)                   ( (a) < (b) ? (a) : (b) )
 000C           ; //#define _MAX(a,b)                   ( (a) > (b) ? (a) : (b) )
 000C           ; //#define _EXCHANGE(a,b)      { int t; t=a; a=b; b=t; }
 000C           ; //#define _TOLOWER(c)         ( (c)+32 )
 000C           ; //#define _TOUPPER(c)         ( (c)-32 )
 000C           ; 
 000C           ; //#ifndef BIT
 000C           ; //#define BIT(x)      ( 1<<(x) )
 000C           ; //#endif
 000C           ; 
 000C           ; /*--------------------------------------------------------------------
 000C           ; 函数全称：数据拆字
 000C           ; 函数功能：
 000C           ; 注意事项：D<=999999,C<=6
 000C           ; 提示说明：调用speaData(12,2)，得到dataElem[0]=2，dataElem[1]=1
 000C           ; 输    入：
 000C           ; 返    回：无
 000C           ; --------------------------------------------------------------------*/
 000C           ; uint8 dataElem[6];
 000C           ; void speaData(uint32 dat,sint8 len)
 000C           ; {
 000C                   .dbline 119
 000C           ;     uint8 i;
 000C           ;     uint32 j,y;
 000C           ;     for(i=0,j=1;i<len;i++)
 000C AA24              clr R10
 000E 81E0              ldi R24,1
 0010 8883              std y+0,R24
 0012 80E0              ldi R24,0
 0014 8983              std y+1,R24
 0016 8A83              std y+2,R24
 0018 8B83              std y+3,R24
 001A 3CC0              xjmp L5
 001C           L2:
 001C                   .dbline 120
 001C           ;     {
 001C                   .dbline 121
 001C           ;         y=dat/j;
 001C 2880              ldd R2,y+0
 001E 3980              ldd R3,y+1
 0020 4A80              ldd R4,y+2
 0022 5B80              ldd R5,y+3
 0024 0889              ldd R16,y+16
 0026 1989              ldd R17,y+17
 0028 2A89              ldd R18,y+18
 002A 3B89              ldd R19,y+19
 002C 5A92              st -y,R5
 002E 4A92              st -y,R4
 0030 3A92              st -y,R3
 0032 2A92              st -y,R2
 0034 0E940000          xcall div32u
 0038 0C83              std y+4,R16
 003A 1D83              std y+5,R17
 003C 2E83              std y+6,R18
 003E 3F83              std y+7,R19
 0040                   .dbline 122
 0040           ;         dataElem[i]=y%10;
 0040 4AE0              ldi R20,10
 0042 50E0              ldi R21,0
 0044 60E0              ldi R22,0
 0046 70E0              ldi R23,0
 0048 0C81              ldd R16,y+4
 004A 1D81              ldd R17,y+5
 004C 2E81              ldd R18,y+6
 004E 3F81              ldd R19,y+7
 0050 7A93              st -y,R23
 0052 6A93              st -y,R22
 0054 5A93              st -y,R21
 0056 4A93              st -y,R20
 0058 0E940000          xcall mod32u
 005C 80E0              ldi R24,<_dataElem
 005E 90E0              ldi R25,>_dataElem
 0060 EA2D              mov R30,R10
 0062 FF27              clr R31
 0064 E80F              add R30,R24
 0066 F91F              adc R31,R25
 0068 0083              std z+0,R16
 006A                   .dbline 123
 006A           ;         j*=10;
 006A 2880              ldd R2,y+0
 006C 3980              ldd R3,y+1
 006E 4A80              ldd R4,y+2
 0070 5B80              ldd R5,y+3
 0072 4AE0              ldi R20,10
 0074 50E0              ldi R21,0
 0076 60E0              ldi R22,0
 0078 70E0              ldi R23,0
 007A 5A92              st -y,R5
 007C 4A92              st -y,R4
 007E 3A92              st -y,R3
 0080 2A92              st -y,R2
 0082 8A01              movw R16,R20
 0084 9B01              movw R18,R22
 0086 0E940000          xcall empy32u
 008A 0883              std y+0,R16
 008C 1983              std y+1,R17
 008E 2A83              std y+2,R18
 0090 3B83              std y+3,R19
 0092                   .dbline 124
 0092           ;     }
 0092           L3:
 0092                   .dbline 119
 0092 A394              inc R10
 0094           L5:
 0094                   .dbline 119
 0094 2C2C              mov R2,R12
 0096 3324              clr R3
 0098 27FC              sbrc R2,7
 009A 3094              com R3
 009C 4A2C              mov R4,R10
 009E 5524              clr R5
 00A0 4214              cp R4,R2
 00A2 5304              cpc R5,R3
 00A4 0CF4              brge X1
 00A6 BACF              xjmp L2
 00A8           X1:
 00A8           X0:
 00A8                   .dbline -2
 00A8           L1:
 00A8                   .dbline 0 ; func end
 00A8 2896              adiw R28,8
 00AA 0E940000          xcall pop_xgsetF03C
 00AE 2496              adiw R28,4
 00B0 0895              ret
 00B2                   .dbsym l y 4 l
 00B2                   .dbsym l j 0 l
 00B2                   .dbsym r i 10 c
 00B2                   .dbsym r len 12 C
 00B2                   .dbsym l dat 16 l
 00B2                   .dbend
 00B2                   .dbfile D:\ICC_H\Hardware.H
 00B2                   .dbfunc e delay50us _delay50us fV
 00B2           ;              j -> R20
 00B2           ;              t -> R16,R17
                        .even
 00B2           _delay50us::
 00B2 4A93              st -y,R20
 00B4                   .dbline -1
 00B4                   .dbline 105
 00B4           ; /*********************************************************************
 00B4           ;       微 雪 电 子   WaveShare   http://www.waveShare.net              
 00B4           ;                                                                       
 00B4           ; 目    的:   建立AVR的硬件提取库，增加各类补丁，方便移植
 00B4           ;                                       
 00B4           ; 目标系统:   基于AVR单片机
 00B4           ;                                                                               
 00B4           ; 应用软件:   ICCAVR
 00B4           ;                                                                               
 00B4           ; 版    本:   Version 1.0                                                          
 00B4           ;                                                                               
 00B4           ; 圆版时间:   2005-06-25
 00B4           ;       
 00B4           ; 开发人员:   SEE
 00B4           ; 
 00B4           ; 说    明:   若用于商业用途，请保留此段文字或注明代码来源
 00B4           ;       
 00B4           ;       深 圳 市 微 雪 电 子 有 限 公 司 保 留 所 有 的 版 权     
 00B4           ; *********************************************************************/
 00B4           ; 
 00B4           ; /*01010101010101010101010101010101010101010101010101010101010101010101
 00B4           ; ----------------------------------------------------------------------
 00B4           ; 版本更新记录：
 00B4           ; 
 00B4           ; ----------------------------------------------------------------------
 00B4           ; 入口参数说明：
 00B4           ; 
 00B4           ; ----------------------------------------------------------------------
 00B4           ; 待定参数说明：
 00B4           ; 
 00B4           ; ----------------------------------------------------------------------        
 00B4           ; 对外变量说明：
 00B4           ;     
 00B4           ; ----------------------------------------------------------------------
 00B4           ; 对外函数说明：
 00B4           ;    
 00B4           ; ----------------------------------------------------------------------
 00B4           ; 10101010101010101010101010101010101010101010101010101010101010101010*/
 00B4           ; 
 00B4           ; #ifndef Hardware_H
 00B4           ; #define Hardware_H
 00B4           ; 
 00B4           ; #include <math.h>
 00B4           ; #include <string.h>
 00B4           ; #include <stdio.h>
 00B4           ; #include <macros.h>
 00B4           ; #include <eeprom.h>
 00B4           ; //#include <wdt.h>
 00B4           ; 
 00B4           ; /* TWI configs */
 00B4           ; //如使用ATMEGA162(没有TWI接口)之类的MCU，在加载Hardware.H前，务必加“#define NO_INCLUDE_I2C_H 1”语句
 00B4           ; #if NO_INCLUDE_I2C_H
 00B4           ; ;
 00B4           ; #else
 00B4           ; #include "D:\ICC_H\I2C.H"     //i2c即AVR的"twi"
 00B4           ; #endif
 00B4           ; 
 00B4           ; /* hard configs */
 00B4           ; #ifndef flash
 00B4           ;       #define flash   const
 00B4           ; #endif
 00B4           ; 
 00B4           ; #ifndef code
 00B4           ;       #define code    const
 00B4           ; #endif
 00B4           ; 
 00B4           ; #ifndef NOP
 00B4           ;       #define NOP()   asm("nop")
 00B4           ; #endif
 00B4           ; 
 00B4           ; /* io configs */
 00B4           ; #define sbi(io,bit)           (  io |=  (1<<bit) )    //example: sbi(PORTA,0);sbi(DDRA,0);
 00B4           ; #define cbi(io,bit)           (  io &= ~(1<<bit) )    //example: cbi(PORTA,0);cbi(DDRA,0);
 00B4           ; #define gbi(pin ,bit) ( pin &   (1<<bit) )    //example: gbi(PINA,0);
 00B4           ; 
 00B4           ; /* interrupt configs */
 00B4           ; #define DIS_INT  asm("sei")
 00B4           ; #define EN_INT   asm("cli")
 00B4           ; 
 00B4           ; /* wdt configs */
 00B4           ; #define WDT()    asm("wdr")
 00B4           ; 
 00B4           ; /* bit operation */
 00B4           ; //#ifndef BIT
 00B4           ; //#define BIT(x)      ( 1<<(x) )
 00B4           ; //#endif
 00B4           ; 
 00B4           ; /* USART configs for 4 Mhz crystal */
 00B4           ; //#define BAUD9600                    25
 00B4           ; //#define BAUD19000                   12
 00B4           ; //#define UART_TRAN_ON()      UCR |=  0x08
 00B4           ; //#define UART_TRAN_OFF()     UCR &= ~0x08
 00B4           ; //#define UART_RCV_ON()               UCR |=  0x10
 00B4           ; //#define UART_RCV_OFF()      UCR &= ~0x10
 00B4           ; 
 00B4           ; /*--------------------------------------------------------------------
 00B4           ; 函数全称：50us 延时
 00B4           ; 函数功能：当然是 50us延时 啦
 00B4           ; 注意事项：基于7.3728M晶振，稍微有点误差
 00B4           ; 提示说明：调用delay50us（20），得到1ms延时
 00B4           ; 输    入：    
 00B4           ; 返    回：无 
 00B4           ; --------------------------------------------------------------------*/
 00B4           ; void delay50us(sint16 t)
 00B4           ; {
 00B4                   .dbline 107
 00B4           ;     uint8 j;          
 00B4           ;     for(;t>0;t--)                     
 00B4 07C0              xjmp L10
 00B6           L7:
 00B6                   .dbline 108
 00B6           ;         for(j=0;j<70;j++)     
 00B6 4427              clr R20
 00B8 01C0              xjmp L14
 00BA           L11:
 00BA                   .dbline 109
 00BA           ;             ;
 00BA           L12:
 00BA                   .dbline 108
 00BA 4395              inc R20
 00BC           L14:
 00BC                   .dbline 108
 00BC 4634              cpi R20,70
 00BE E8F3              brlo L11
 00C0           X2:
 00C0           L8:
 00C0                   .dbline 107
 00C0 0150              subi R16,1
 00C2 1040              sbci R17,0
 00C4           L10:
 00C4                   .dbline 107
 00C4 2224              clr R2
 00C6 3324              clr R3
 00C8 2016              cp R2,R16
 00CA 3106              cpc R3,R17
 00CC A4F3              brlt L7
 00CE           X3:
 00CE                   .dbline -2
 00CE           L6:
 00CE                   .dbline 0 ; func end
 00CE 4991              ld R20,y+
 00D0 0895              ret
 00D2                   .dbsym r j 20 c
 00D2                   .dbsym r t 16 I
 00D2                   .dbend
 00D2                   .dbfunc e delay50ms _delay50ms fV
 00D2           ;              i -> R20,R21
 00D2           ;              t -> R16,R17
                        .even
 00D2           _delay50ms::
 00D2 4A93              st -y,R20
 00D4 5A93              st -y,R21
 00D6                   .dbline -1
 00D6                   .dbline 120
 00D6           ; }
 00D6           ; /*--------------------------------------------------------------------
 00D6           ; 函数全称：50ms 延时
 00D6           ; 函数功能：当然是 50ms延时 啦
 00D6           ; 注意事项：基于7.3728M晶振，稍微有点误差
 00D6           ; 提示说明：调用delay50ms（20），得到1s延时 
 00D6           ; 输    入：
 00D6           ; 返    回：无
 00D6           ; --------------------------------------------------------------------*/
 00D6           ; void delay50ms(sint16 t)
 00D6           ; {
 00D6                   .dbline 122
 00D6           ;       uint16 i; 
 00D6           ;       for(;t>0;t--)
 00D6 13C0              xjmp L19
 00D8           L16:
 00D8                   .dbline 123
 00D8           ;               for(i=0;i<52642;i++)
 00D8 4427              clr R20
 00DA 5527              clr R21
 00DC 02C0              xjmp L23
 00DE           L20:
 00DE                   .dbline 124
 00DE           ;                       ; 
 00DE           L21:
 00DE                   .dbline 123
 00DE 4F5F              subi R20,255  ; offset = 1
 00E0 5F4F              sbci R21,255
 00E2           L23:
 00E2                   .dbline 123
 00E2 82EA              ldi R24,162
 00E4 9DEC              ldi R25,205
 00E6 A0E0              ldi R26,0
 00E8 B0E0              ldi R27,0
 00EA 1A01              movw R2,R20
 00EC 4424              clr R4
 00EE 5524              clr R5
 00F0 2816              cp R2,R24
 00F2 3906              cpc R3,R25
 00F4 4A06              cpc R4,R26
 00F6 5B06              cpc R5,R27
 00F8 94F3              brlt L20
 00FA           X4:
 00FA           L17:
 00FA                   .dbline 122
 00FA 0150              subi R16,1
 00FC 1040              sbci R17,0
 00FE           L19:
 00FE                   .dbline 122
 00FE 2224              clr R2
 0100 3324              clr R3
 0102 2016              cp R2,R16
 0104 3106              cpc R3,R17
 0106 44F3              brlt L16
 0108           X5:
 0108                   .dbline -2
 0108           L15:
 0108                   .dbline 0 ; func end
 0108 5991              ld R21,y+
 010A 4991              ld R20,y+
 010C 0895              ret
 010E                   .dbsym r i 20 i
 010E                   .dbsym r t 16 I
 010E                   .dbend
 010E                   .dbfunc e delayus _delayus fV
 010E           ;              i -> R20,R21
 010E           ;              t -> R16,R17
                        .even
 010E           _delayus::
 010E 4A93              st -y,R20
 0110 5A93              st -y,R21
 0112                   .dbline -1
 0112                   .dbline 129
 0112           ; }
 0112           ; 
 0112           ; 
 0112           ; void delayus(uint16 t)
 0112           ; {
 0112                   .dbline 131
 0112           ;       uint16 i;
 0112           ;       for(i=0;i<t;i++)
 0112 4427              clr R20
 0114 5527              clr R21
 0116 02C0              xjmp L28
 0118           L25:
 0118                   .dbline 132
 0118           ;               {
 0118                   .dbline 135
 0118           ;                       //asm("NOP\n");
 0118           ;                       //asm("NOP\n");
 0118           ;               }
 0118           L26:
 0118                   .dbline 131
 0118 4F5F              subi R20,255  ; offset = 1
 011A 5F4F              sbci R21,255
 011C           L28:
 011C                   .dbline 131
 011C 4017              cp R20,R16
 011E 5107              cpc R21,R17
 0120 D8F3              brlo L25
 0122           X6:
 0122                   .dbline -2
 0122           L24:
 0122                   .dbline 0 ; func end
 0122 5991              ld R21,y+
 0124 4991              ld R20,y+
 0126 0895              ret
 0128                   .dbsym r i 20 i
 0128                   .dbsym r t 16 i
 0128                   .dbend
                        .area data(ram, con, rel)
 0000                   .dbfile D:\ICC_H\Hardware.H
 0000           L30:
 0000                   .blkb 2
                        .area idata
 0000 0102              .byte 1,2
                        .area data(ram, con, rel)
 0002                   .dbfile D:\ICC_H\Hardware.H
 0002                   .blkb 2
                        .area idata
 0002 0304              .byte 3,4
                        .area data(ram, con, rel)
 0004                   .dbfile D:\ICC_H\Hardware.H
 0004                   .blkb 2
                        .area idata
 0004 0506              .byte 5,6
                        .area data(ram, con, rel)
 0006                   .dbfile D:\ICC_H\Hardware.H
 0006                   .blkb 2
                        .area idata
 0006 0708              .byte 7,8
                        .area data(ram, con, rel)
 0008                   .dbfile D:\ICC_H\Hardware.H
                        .area text(rom, con, rel)
 0128                   .dbfile D:\ICC_H\Hardware.H
 0128                   .dbfile D:\DVK501_ICC\KERNEL~1\ATmega162\内核－EEPROM\EEPROM\EEPROM.C
 0128                   .dbfunc e main _main fV
 0128           ;         wrDat_ -> y+10
 0128           ;          wrDat -> R20
 0128           ;         rdDat_ -> y+2
 0128           ;              i -> R20
                        .even
 0128           _main::
 0128 6297              sbiw R28,18
 012A                   .dbline -1
 012A                   .dbline 54
 012A           ; /*********************************************************************
 012A           ;       微 雪 电 子   WaveShare   http://www.waveShare.net      
 012A           ; 
 012A           ; 功能目的:   建立EEPROM操作示例程序
 012A           ; 
 012A           ; 目标系统:   基于AVR单片机
 012A           ; 
 012A           ; 应用软件:   ICCAVR                                               
 012A           ; 
 012A           ; 版    本:   Version 1.0
 012A           ; 
 012A           ; 圆版时间:   2005-03-01
 012A           ; 
 012A           ; 开发人员:   SEE
 012A           ; 
 012A           ; 说    明:   若用于商业用途，请保留此段文字或注明代码来源
 012A           ; 
 012A           ;       深 圳 市 微 雪 电 子 有 限 公 司 保 留 所 有 的 版 权
 012A           ; *********************************************************************/
 012A           ; 
 012A           ; /*01010101010101010101010101010101010101010101010101010101010101010101
 012A           ; ---------------------------------------------------------------------
 012A           ; 版本更新记录：
 012A           ; 
 012A           ; ----------------------------------------------------------------------
 012A           ; 实验内容：
 012A           ; 写入一些测试数据进EEPROM，再读出，使用PB口的LED做指示，观测是否与写入一致。
 012A           ; ----------------------------------------------------------------------
 012A           ; 硬件连接：    
 012A           ; 将PB口的LED指示灯使能开关切换到"ON"状态。
 012A           ; ----------------------------------------------------------------------
 012A           ; 注意事项： 
 012A           ; （1）若有加载库函数，请将光盘根目录下的“库函数”下的“ICC_H”文件夹拷到D盘
 012A           ; （2）请详细阅读“使用必读”及相关资料。
 012A           ;               
 012A           ; ----------------------------------------------------------------------
 012A           ; 10101010101010101010101010101010101010101010101010101010101010101010*/
 012A           ; #define NO_INCLUDE_I2C_H 1
 012A           ; #include <iom162v.h>
 012A           ; #include "D:\ICC_H\CmmICC.H"
 012A           ; 
 012A           ; #define DISP_DDR   DDRB
 012A           ; #define DISP_PORT  PORTB
 012A           ; 
 012A           ; /*--------------------------------------------------------------------
 012A           ; 函数名称：
 012A           ; 函数功能：
 012A           ; 注意事项：
 012A           ; 提示说明：
 012A           ; 输    入：
 012A           ; 返    回：
 012A           ; --------------------------------------------------------------------*/
 012A           ; void main(void) 
 012A           ; {
 012A                   .dbline 56
 012A           ;       uint8 i;
 012A           ;       uint8 wrDat=0xAA;
 012A 4AEA              ldi R20,170
 012C                   .dbline 57
 012C           ;       uint8 wrDat_[]={1,2,3,4,5,6,7,8},rdDat_[8];
 012C 80E0              ldi R24,<L30
 012E 90E0              ldi R25,>L30
 0130 FE01              movw R30,R28
 0132 3A96              adiw R30,10
 0134 08E0              ldi R16,8
 0136 10E0              ldi R17,0
 0138 FA93              st -y,R31
 013A EA93              st -y,R30
 013C 9A93              st -y,R25
 013E 8A93              st -y,R24
 0140 0E940000          xcall asgnblk
 0144                   .dbline 58
 0144           ;       DISP_DDR=0xFF;
 0144 8FEF              ldi R24,255
 0146 87BB              out 0x17,R24
 0148                   .dbline 59
 0148           ;       EEPROMwrite(0x01,wrDat);                //写入单个数据
 0148 242F              mov R18,R20
 014A 01E0              ldi R16,1
 014C 10E0              ldi R17,0
 014E 0E940000          xcall _EEPROMwrite
 0152                   .dbline 60
 0152           ;       DISP_PORT=EEPROMread(0x01);             //读出用指示灯验证是否正确
 0152 01E0              ldi R16,1
 0154 10E0              ldi R17,0
 0156 0E940000          xcall _EEPROMread
 015A 08BB              out 0x18,R16
 015C                   .dbline 61
 015C           ;       delay50ms(40);                          //有2S的观察时间
 015C 08E2              ldi R16,40
 015E 10E0              ldi R17,0
 0160 B8DF              xcall _delay50ms
 0162                   .dbline 62
 0162           ;       EEPROMWriteBytes(1,wrDat_,8);   //写入数组                                                
 0162 88E0              ldi R24,8
 0164 90E0              ldi R25,0
 0166 9983              std y+1,R25
 0168 8883              std y+0,R24
 016A 9E01              movw R18,R28
 016C 265F              subi R18,246  ; offset = 10
 016E 3F4F              sbci R19,255
 0170 01E0              ldi R16,1
 0172 10E0              ldi R17,0
 0174 0E940000          xcall _EEPROMWriteBytes
 0178                   .dbline 63
 0178           ;       EEPROMReadBytes(1,rdDat_,8);    
 0178 88E0              ldi R24,8
 017A 90E0              ldi R25,0
 017C 9983              std y+1,R25
 017E 8883              std y+0,R24
 0180 9E01              movw R18,R28
 0182 2E5F              subi R18,254  ; offset = 2
 0184 3F4F              sbci R19,255
 0186 01E0              ldi R16,1
 0188 10E0              ldi R17,0
 018A 0E940000          xcall _EEPROMReadBytes
 018E                   .dbline 64
 018E           ;       for(i=0;i<7;i++)
 018E 4427              clr R20
 0190 0CC0              xjmp L34
 0192           L31:
 0192                   .dbline 65
 0192           ;       {
 0192                   .dbline 66
 0192           ;               delay50ms(40);                  //有2S的观察时间
 0192 08E2              ldi R16,40
 0194 10E0              ldi R17,0
 0196 9DDF              xcall _delay50ms
 0198                   .dbline 67
 0198           ;               DISP_PORT=rdDat_[i];            //读出用指示灯验证是否正确
 0198 CE01              movw R24,R28
 019A 0296              adiw R24,2
 019C E42F              mov R30,R20
 019E FF27              clr R31
 01A0 E80F              add R30,R24
 01A2 F91F              adc R31,R25
 01A4 2080              ldd R2,z+0
 01A6 28BA              out 0x18,R2
 01A8                   .dbline 68
 01A8           ;       }                       
 01A8           L32:
 01A8                   .dbline 64
 01A8 4395              inc R20
 01AA           L34:
 01AA                   .dbline 64
 01AA 4730              cpi R20,7
 01AC 90F3              brlo L31
 01AE           X7:
 01AE           L35:
 01AE                   .dbline 69
 01AE           ;       while(1);
 01AE           L36:
 01AE                   .dbline 69
 01AE FFCF              xjmp L35
 01B0           X8:
 01B0                   .dbline -2
 01B0           L29:
 01B0                   .dbline 0 ; func end
 01B0 6296              adiw R28,18
 01B2 0895              ret
 01B4                   .dbsym l wrDat_ 10 A[8:8]c
 01B4                   .dbsym r wrDat 20 c
 01B4                   .dbsym l rdDat_ 2 A[8:8]c
 01B4                   .dbsym r i 20 c
 01B4                   .dbend
                        .area bss(ram, con, rel)
 0000                   .dbfile D:\DVK501_ICC\KERNEL~1\ATmega162\内核－EEPROM\EEPROM\EEPROM.C
 0000           _dataElem::
 0000                   .blkb 6
 0006                   .dbfile D:\ICC_H\Software.H
 0006                   .dbsym e dataElem _dataElem A[6:6]c
 0006           ; }
