__text_start:
__start:
    002A E5CF      LDI	R28,0x5F
    002B E0D4      LDI	R29,4
    002C BFCD      OUT	0x3D,R28
    002D BFDE      OUT	0x3E,R29
    002E 51C0      SUBI	R28,0x10
    002F 40D0      SBCI	R29,0
    0030 EA0A      LDI	R16,0xAA
    0031 8308      STD	Y+0,R16
    0032 2400      CLR	R0
    0033 E6E0      LDI	R30,0x60
    0034 E0F0      LDI	R31,0
    0035 E010      LDI	R17,0
    0036 36E0      CPI	R30,0x60
    0037 07F1      CPC	R31,R17
    0038 F011      BEQ	0x003B
    0039 9201      ST	R0,Z+
    003A CFFB      RJMP	0x0036
    003B 8300      STD	Z+0,R16
    003C E5E4      LDI	R30,0x54
    003D E0F0      LDI	R31,0
    003E E6A0      LDI	R26,0x60
    003F E0B0      LDI	R27,0
    0040 E010      LDI	R17,0
    0041 35E4      CPI	R30,0x54
    0042 07F1      CPC	R31,R17
    0043 F021      BEQ	0x0048
    0044 95C8      LPM
    0045 9631      ADIW	R30,1
    0046 920D      ST	R0,X+
    0047 CFF9      RJMP	0x0041
    0048 940E0069  CALL	_main
_exit:
    004A CFFF      RJMP	_exit
FILE: E:\微雪电子CD1\产品资料\开发板实验板\SMK系列\SMK1632\实验教程\内核及主板相关实验\内核－TIMER\1STimer1\1STimer1.c
(0001) /*********************************************************************
(0002) 	微 雪 电 子   WaveShare   http://www.waveShare.net            	
(0003) 		                                                        
(0004) 目    的:   建立使用Timer1做1S定时的示例程序
(0005) 	
(0006) 目标系统:   基于AVR单片机
(0007) 		                                                                
(0008) 应用软件:   ICCAVR
(0009) 		                                                                
(0010) 版    本:   Version 1.0                                                          
(0011) 		                                                                
(0012) 圆版时间:   2005-06-25
(0013) 	
(0014) 开发人员:   SEE
(0015) 
(0016) 说    明:   若用于商业用途，请保留此段文字或注明代码来源
(0017) 	
(0018) 	深 圳 市 微 雪 电 子 有 限 公 司 保 留 所 有 的 版 权     
(0019) *********************************************************************/
(0020) 
(0021) /*01010101010101010101010101010101010101010101010101010101010101010101
(0022) ---------------------------------------------------------------------
(0023) 版本更新记录：
(0024) 
(0025) ----------------------------------------------------------------------
(0026) 实验内容：
(0027) 使用TIMER1做1S定时，并使用PD口的LED指示灯做指示。
(0028) ----------------------------------------------------------------------
(0029) 硬件连接：	
(0030) 将PD口的LED指示灯使能开关切换到"ON"状态。
(0031) ----------------------------------------------------------------------
(0032) 注意事项： 
(0033) （1）若有加载库函数，请将光盘根目录下的“库函数”下的“ICC_H”文件夹拷到D盘
(0034) （2）请详细阅读：光盘根目录下的“产品资料\开发板实验板\SMK系列\SMK1632\说明资料”
(0035) 		
(0036) ----------------------------------------------------------------------
(0037) 10101010101010101010101010101010101010101010101010101010101010101010*/
(0038) 
(0039) #include <iom16v.h>
(0040) #include <macros.h>
(0041) 
(0042) #define DISP_DDR   DDRD
(0043) #define DISP_PORT  PORTD
(0044) 
(0045) /*--------------------------------------------------------------------
(0046) 函数名称：
(0047) 函数功能：
(0048) 注意事项：
(0049) 提示说明：
(0050) 输    入：
(0051) 返    回：
(0052) --------------------------------------------------------------------*/
(0053) void timer1_init(void)
(0054) {
(0055) 	TCCR1B = 0x00;		//stop timer
_timer1_init:
    004B 2422      CLR	R2
    004C BC2E      OUT	0x2E,R2
(0056) 
(0057) 	TCNT1H = 0xE3;		//设置 TC1 的 计数寄存器 高8位值
    004D EE83      LDI	R24,0xE3
    004E BD8D      OUT	0x2D,R24
(0058) 	TCNT1L = 0xE1;		//设置 TC1 的 计数寄存器 低8位值
    004F EE81      LDI	R24,0xE1
    0050 BD8C      OUT	0x2C,R24
(0059) 
(0060) 	//OCR1AH = 0x1C;	//设置 TC1 的 输出比较寄存器A 高8位值
(0061) 	//OCR1AL = 0x20;	//设置 TC1 的 输出比较寄存器A 低8位值
(0062) 
(0063) 	//OCR1BH = 0x1C;	//设置 TC1 的 输出比较寄存器B 高8位值
(0064) 	//OCR1BL = 0x20;	//设置 TC1 的 输出比较寄存器B 低8位值
(0065) 
(0066) 	//ICR1H  = 0x1C;	//设置 TC1 的 输入捕获寄存器 高8位值
(0067) 	//ICR1L  = 0x20;	//设置 TC1 的 输入捕获寄存器 低8位值
(0068) 
(0069) 	TCCR1A = 0x00;
    0051 BC2F      OUT	0x2F,R2
(0070) 	TCCR1B = 0x05;		//设置TC1 为 CLK/1024分频，启动TC1
    0052 E085      LDI	R24,5
    0053 BD8E      OUT	0x2E,R24
(0071) 
(0072) 	MCUCR = 0x00;		//设置 MCU 的 控制寄存器
    0054 BE25      OUT	0x35,R2
(0073) 	GICR  = 0x00;		//设置 中断控制寄存器
    0055 BE2B      OUT	0x3B,R2
(0074) 	TIMSK = 0x04;		//设置 定时计数器 的 屏蔽寄存器
    0056 E084      LDI	R24,4
    0057 BF89      OUT	0x39,R24
    0058 9508      RET
_timer1_ovf_isr:
    0059 938A      ST	R24,-Y
    005A 939A      ST	R25,-Y
    005B B78F      IN	R24,0x3F
    005C 938A      ST	R24,-Y
(0075) 	//SEI();			//enable interrupts
(0076) }
(0077) /*--------------------------------------------------------------------
(0078) 函数名称：
(0079) 函数功能：
(0080) 注意事项：
(0081) 提示说明：
(0082) 输    入：
(0083) 返    回：
(0084) --------------------------------------------------------------------*/
(0085) #pragma interrupt_handler timer1_ovf_isr:9
(0086) void timer1_ovf_isr(void)
(0087) {
(0088) 	TCNT1H = 0xE3;		//reload counter high value
    005D EE83      LDI	R24,0xE3
    005E BD8D      OUT	0x2D,R24
(0089) 	TCNT1L = 0xE1;		//reload counter low value
    005F EE81      LDI	R24,0xE1
    0060 BD8C      OUT	0x2C,R24
(0090) 	DISP_PORT++;
    0061 B382      IN	R24,0x12
    0062 5F8F      SUBI	R24,0xFF
    0063 BB82      OUT	0x12,R24
    0064 9189      LD	R24,Y+
    0065 BF8F      OUT	0x3F,R24
    0066 9199      LD	R25,Y+
    0067 9189      LD	R24,Y+
    0068 9518      RETI
(0091) }
(0092) /*--------------------------------------------------------------------
(0093) 函数名称：
(0094) 函数功能：
(0095) 注意事项：
(0096) 提示说明：
(0097) 输    入：
(0098) 返    回：
(0099) --------------------------------------------------------------------*/
(0100) void main(void)
(0101) {
(0102) 	DISP_DDR = 0XFF;
_main:
    0069 EF8F      LDI	R24,0xFF
    006A BB81      OUT	0x11,R24
(0103) 	timer1_init();
    006B DFDF      RCALL	_timer1_init
(0104) 	SEI();
    006C 9478      BSET	7
(0105) 	while(1);
FILE: <library>
    006D CFFF      RJMP	0x006D
    006E 9508      RET
