                        .module PCF8591.C
                        .area text(rom, con, rel)
 0000                   .dbfile ..\..\..\STK16_~1.0\PCF859~1\PCF8591\PCF8591.C
 0000                   .dbfile D:\ICC_H\Software.H
 0000                   .dbfunc e speaData _speaData fV
 0000           ;              y -> y+4
 0000           ;              j -> y+0
 0000           ;              i -> R10
 0000           ;            len -> R12
 0000           ;            dat -> y+16
                        .even
 0000           _speaData::
 0000 0E940000          xcall push_arg4
 0004 0E940000          xcall push_xgsetF03C
 0008 2897              sbiw R28,8
 000A CC88              ldd R12,y+20
 000C                   .dbline -1
 000C                   .dbline 116
 000C           ; /*********************************************************************
 000C           ;       微 雪 电 子   WaveShare   http://www.waveShare.net              
 000C           ;                                                                       
 000C           ; 目    的:   建立AVR的软件提取库，增加各类补丁，方便系统程序移植
 000C           ;       
 000C           ; 目标系统:   基于AVR单片机
 000C           ;                                                                               
 000C           ; 应用软件:   ICCAVR
 000C           ;                                                                               
 000C           ; 版    本:   Version 1.0                                                       
 000C           ;                                                                               
 000C           ; 圆版时间:   2005-06-25
 000C           ;       
 000C           ; 开发人员:   SEE
 000C           ; 
 000C           ; 说    明:   若用于商业用途，请保留此段文字或注明代码来源
 000C           ;       
 000C           ;       深 圳 市 微 雪 电 子 有 限 公 司 保 留 所 有 的 版 权     
 000C           ; *********************************************************************/
 000C           ; 
 000C           ; /*01010101010101010101010101010101010101010101010101010101010101010101
 000C           ; ----------------------------------------------------------------------
 000C           ; 版本更新记录：
 000C           ; 
 000C           ; ----------------------------------------------------------------------
 000C           ; 入口参数说明：
 000C           ; 
 000C           ; ----------------------------------------------------------------------
 000C           ; 待定参数说明：
 000C           ; 
 000C           ; ----------------------------------------------------------------------        
 000C           ; 对外变量说明：
 000C           ;     
 000C           ; ----------------------------------------------------------------------
 000C           ; 对外函数说明：
 000C           ;    
 000C           ; ----------------------------------------------------------------------
 000C           ; 10101010101010101010101010101010101010101010101010101010101010101010*/
 000C           ; 
 000C           ; #ifndef Software_H
 000C           ; #define Software_H
 000C           ; 
 000C           ; #include <math.h>
 000C           ; #include <string.h>
 000C           ; 
 000C           ; /* 兼容一般程序员的常用写法 */
 000C           ; typedef unsigned char uchar;
 000C           ; typedef unsigned int  uint;
 000C           ; typedef unsigned long ulong;
 000C           ; typedef signed char           schar;
 000C           ; typedef signed int            sint;
 000C           ; typedef signed long           slong;
 000C           ; 
 000C           ; /* 为方便移植，建议使用下面写法 */
 000C           ; typedef unsigned char bool;
 000C           ; typedef unsigned char uint8;
 000C           ; typedef unsigned int  uint16;
 000C           ; typedef unsigned long   uint32;
 000C           ; typedef signed  char  sint8;
 000C           ; typedef signed        int             sint16;
 000C           ; typedef signed        long    sint32;
 000C           ; typedef signed  char  int8;
 000C           ; typedef signed  int           int16;
 000C           ; typedef signed  long  int32;
 000C           ; 
 000C           ; /* 下面写法一般不推荐 */
 000C           ; //typedef unsigned char ubyte;
 000C           ; //typedef unsigned int        uword;
 000C           ; //typedef unsigned long udword;
 000C           ; //typedef signed   char       sbyte;
 000C           ; //typedef signed   int        sword;
 000C           ; //typedef signed   long       sdword;
 000C           ; 
 000C           ; /* 一般程序定义的默认值 */
 000C           ; //#define NULL                        0
 000C           ; //#define EOF                 -1
 000C           ; //#define TRUE                1
 000C           ; //#define FALSE               0
 000C           ; //#define YES                 1
 000C           ; //#define NO                          0
 000C           ; //#define ON                  1
 000C           ; //#define OFF                 0
 000C           ; //#define ENABLE              1
 000C           ; //#define DISABLE             0
 000C           ; //#define CRR                 1
 000C           ; //#define ERR                 0
 000C           ; //#define RIGHT                       1
 000C           ; //#define WRONG                       0
 000C           ; //#define SUCCESS             1
 000C           ; //#define FAILURE             0
 000C           ; //#define PI                  3.1415926       //3.1415926535897932
 000C           ; 
 000C           ; /* 如果你手头上的RAM实在很紧，不如尝试下面的define～ */
 000C           ; //#define _CALLOC(a)          ( (a *)calloc(n,sizeof(a)) )
 000C           ; //#define _MALLOC(a)          ( (a *)malloc(sizeof(a)) )
 000C           ; //#define _MIN(a,b)                   ( (a) < (b) ? (a) : (b) )
 000C           ; //#define _MAX(a,b)                   ( (a) > (b) ? (a) : (b) )
 000C           ; //#define _EXCHANGE(a,b)      { int t; t=a; a=b; b=t; }
 000C           ; //#define _TOLOWER(c)         ( (c)+32 )
 000C           ; //#define _TOUPPER(c)         ( (c)-32 )
 000C           ; 
 000C           ; //#ifndef BIT
 000C           ; //#define BIT(x)      ( 1<<(x) )
 000C           ; //#endif
 000C           ; 
 000C           ; /*--------------------------------------------------------------------
 000C           ; 函数全称：数据拆字
 000C           ; 函数功能：
 000C           ; 注意事项：D<=999999,C<=6
 000C           ; 提示说明：调用speaData(12,2)，得到dataElem[0]=2，dataElem[1]=1
 000C           ; 输    入：
 000C           ; 返    回：无
 000C           ; --------------------------------------------------------------------*/
 000C           ; uint8 dataElem[6];
 000C           ; void speaData(uint32 dat,sint8 len)
 000C           ; {
 000C                   .dbline 119
 000C           ;     uint8 i;
 000C           ;     uint32 j,y;
 000C           ;     for(i=0,j=1;i<len;i++)
 000C AA24              clr R10
 000E 81E0              ldi R24,1
 0010 8883              std y+0,R24
 0012 80E0              ldi R24,0
 0014 8983              std y+1,R24
 0016 8A83              std y+2,R24
 0018 8B83              std y+3,R24
 001A 3CC0              xjmp L5
 001C           L2:
 001C                   .dbline 120
 001C           ;     {
 001C                   .dbline 121
 001C           ;         y=dat/j;
 001C 2880              ldd R2,y+0
 001E 3980              ldd R3,y+1
 0020 4A80              ldd R4,y+2
 0022 5B80              ldd R5,y+3
 0024 0889              ldd R16,y+16
 0026 1989              ldd R17,y+17
 0028 2A89              ldd R18,y+18
 002A 3B89              ldd R19,y+19
 002C 5A92              st -y,R5
 002E 4A92              st -y,R4
 0030 3A92              st -y,R3
 0032 2A92              st -y,R2
 0034 0E940000          xcall div32u
 0038 0C83              std y+4,R16
 003A 1D83              std y+5,R17
 003C 2E83              std y+6,R18
 003E 3F83              std y+7,R19
 0040                   .dbline 122
 0040           ;         dataElem[i]=y%10;
 0040 4AE0              ldi R20,10
 0042 50E0              ldi R21,0
 0044 60E0              ldi R22,0
 0046 70E0              ldi R23,0
 0048 0C81              ldd R16,y+4
 004A 1D81              ldd R17,y+5
 004C 2E81              ldd R18,y+6
 004E 3F81              ldd R19,y+7
 0050 7A93              st -y,R23
 0052 6A93              st -y,R22
 0054 5A93              st -y,R21
 0056 4A93              st -y,R20
 0058 0E940000          xcall mod32u
 005C 80E0              ldi R24,<_dataElem
 005E 90E0              ldi R25,>_dataElem
 0060 EA2D              mov R30,R10
 0062 FF27              clr R31
 0064 E80F              add R30,R24
 0066 F91F              adc R31,R25
 0068 0083              std z+0,R16
 006A                   .dbline 123
 006A           ;         j*=10;
 006A 2880              ldd R2,y+0
 006C 3980              ldd R3,y+1
 006E 4A80              ldd R4,y+2
 0070 5B80              ldd R5,y+3
 0072 4AE0              ldi R20,10
 0074 50E0              ldi R21,0
 0076 60E0              ldi R22,0
 0078 70E0              ldi R23,0
 007A 5A92              st -y,R5
 007C 4A92              st -y,R4
 007E 3A92              st -y,R3
 0080 2A92              st -y,R2
 0082 8A01              movw R16,R20
 0084 9B01              movw R18,R22
 0086 0E940000          xcall empy32u
 008A 0883              std y+0,R16
 008C 1983              std y+1,R17
 008E 2A83              std y+2,R18
 0090 3B83              std y+3,R19
 0092                   .dbline 124
 0092           ;     }
 0092           L3:
 0092                   .dbline 119
 0092 A394              inc R10
 0094           L5:
 0094                   .dbline 119
 0094 2C2C              mov R2,R12
 0096 3324              clr R3
 0098 27FC              sbrc R2,7
 009A 3094              com R3
 009C 4A2C              mov R4,R10
 009E 5524              clr R5
 00A0 4214              cp R4,R2
 00A2 5304              cpc R5,R3
 00A4 0CF4              brge X1
 00A6 BACF              xjmp L2
 00A8           X1:
 00A8           X0:
 00A8                   .dbline -2
 00A8           L1:
 00A8                   .dbline 0 ; func end
 00A8 2896              adiw R28,8
 00AA 0E940000          xcall pop_xgsetF03C
 00AE 2496              adiw R28,4
 00B0 0895              ret
 00B2                   .dbsym l y 4 l
 00B2                   .dbsym l j 0 l
 00B2                   .dbsym r i 10 c
 00B2                   .dbsym r len 12 C
 00B2                   .dbsym l dat 16 l
 00B2                   .dbend
 00B2                   .dbfile D:\ICC_H\I2C.H
 00B2                   .dbfunc e I2C_Start _I2C_Start fc
                        .even
 00B2           _I2C_Start::
 00B2                   .dbline -1
 00B2                   .dbline 126
 00B2           ; /*********************************************************************
 00B2           ;       微 雪 电 子   WaveShare   http://www.waveShare.net              
 00B2           ;                                                                       
 00B2           ; 目    的:   建立I2C操作库
 00B2           ;       
 00B2           ; 目标系统:   基于AVR单片机
 00B2           ;                                                                               
 00B2           ; 应用软件:   ICCAVR
 00B2           ;                                                                               
 00B2           ; 版    本:   Version 1.0                                                          
 00B2           ;                                                                               
 00B2           ; 圆版时间:   2005-06-25
 00B2           ;       
 00B2           ; 开发人员:   SEE
 00B2           ; 
 00B2           ; 说    明:   若用于商业用途，请保留此段文字或注明代码来源
 00B2           ;       
 00B2           ;       深 圳 市 微 雪 电 子 有 限 公 司 保 留 所 有 的 版 权     
 00B2           ; *********************************************************************/
 00B2           ; 
 00B2           ; /*01010101010101010101010101010101010101010101010101010101010101010101
 00B2           ; ----------------------------------------------------------------------
 00B2           ; 版本更新记录：
 00B2           ; 
 00B2           ; ----------------------------------------------------------------------
 00B2           ; 入口参数说明：
 00B2           ; 
 00B2           ; ----------------------------------------------------------------------
 00B2           ; 待定参数说明：
 00B2           ; 
 00B2           ; ----------------------------------------------------------------------        
 00B2           ; 对外变量说明：
 00B2           ; 
 00B2           ; ----------------------------------------------------------------------
 00B2           ; 对外函数说明：
 00B2           ; 
 00B2           ; ----------------------------------------------------------------------
 00B2           ; 10101010101010101010101010101010101010101010101010101010101010101010*/
 00B2           ; 
 00B2           ; #ifndef I2C_H
 00B2           ; #define I2C_H
 00B2           ; 
 00B2           ; /* TWSR values (not bits) */
 00B2           ; /* Master */
 00B2           ; #define I2C_START                     0x08
 00B2           ; #define I2C_RESTART                   0x10
 00B2           ; 
 00B2           ; /* Master Transmitter */
 00B2           ; #define I2C_MT_SLA_ACK                0x18
 00B2           ; #define I2C_MT_SLA_NACK               0x20
 00B2           ; #define I2C_MT_DATA_ACK               0x28
 00B2           ; #define I2C_MT_DATA_NACK      0x30
 00B2           ; #define I2C_MT_ARB_LOST               0x38
 00B2           ; 
 00B2           ; /* Master Receiver */
 00B2           ; #define I2C_MR_ARB_LOST               0x38
 00B2           ; #define I2C_MR_SLA_ACK                0x40
 00B2           ; #define I2C_MR_SLA_NACK               0x48
 00B2           ; #define I2C_MR_DATA_ACK               0x50
 00B2           ; #define I2C_MR_DATA_NACK      0x58
 00B2           ; 
 00B2           ; /* Slave Transmitter */
 00B2           ; #define I2C_ST_SLA_ACK                        0xA8
 00B2           ; #define I2C_ST_ARB_LOST_SLA_ACK 0xB0
 00B2           ; #define I2C_ST_DATA_ACK                       0xB8
 00B2           ; #define I2C_ST_DATA_NACK              0xC0
 00B2           ; #define I2C_ST_LAST_DATA              0xC8
 00B2           ; 
 00B2           ; /* Slave Receiver */
 00B2           ; #define I2C_SR_SLA_ACK                                0x60
 00B2           ; #define I2C_SR_ARB_LOST_SLA_ACK               0x68
 00B2           ; #define I2C_SR_GCALL_ACK                      0x70
 00B2           ; #define I2C_SR_ARB_LOST_GCALL_ACK     0x78
 00B2           ; #define I2C_SR_DATA_ACK                               0x80
 00B2           ; #define I2C_SR_DATA_NACK                      0x88
 00B2           ; #define I2C_SR_GCALL_DATA_ACK         0x90
 00B2           ; #define I2C_SR_GCALL_DATA_NACK                0x98
 00B2           ; #define I2C_SR_STOP                                   0xA0
 00B2           ; 
 00B2           ; /* Misc */
 00B2           ; #define I2C_NO_INFO                   0xF8
 00B2           ; #define I2C_BUS_ERROR         0x00
 00B2           ; 
 00B2           ; /*
 00B2           ;  * The lower 3 bits of TWSR are reserved on the ATmega163.
 00B2           ;  * The 2 LSB carry the prescaler bits on the newer ATmegas.
 00B2           ;  */
 00B2           ; #define I2C_STATUS_MASK       (_BV(TWS7)|_BV(TWS6)|_BV(TWS5)|_BV(TWS4)|_BV(TWS3))
 00B2           ; #define I2C_STATUS            (TWSR & I2C_STATUS_MASK)
 00B2           ; 
 00B2           ; /*
 00B2           ;  * R/~W bit in SLA+R/W address field.
 00B2           ;  */
 00B2           ; #define I2C_READ              1
 00B2           ; #define I2C_WRITE             0
 00B2           ; 
 00B2           ; #define I2CStart()            (TWCR=(1<<TWINT)|(1<<TWSTA)|(1<<TWEN))
 00B2           ; #define I2CStop()             (TWCR=(1<<TWINT)|(1<<TWSTO)|(1<<TWEN))
 00B2           ; #define I2CWaitAck()  {while(!(TWCR&(1<<TWINT)));}
 00B2           ; #define I2CChkAck()   (TWSR&0xf8)                                     //check ack
 00B2           ; #define I2CSendAck()  (TWCR|=(1<<TWEA))
 00B2           ; #define I2CSendNoAck()        (TWCR&=~(1<<TWEA))
 00B2           ; #define I2CSendByte(x)        {TWDR=(x);TWCR=(1<<TWINT)|(1<<TWEN);} 
 00B2           ; #define I2CRcvNckByte()       (TWCR=(1<<TWINT)|(1<<TWEN))
 00B2           ; #define I2CRcvAckByte()       (TWCR=(1<<TWINT)|(1<<TWEN)|(1<<TWEA))
 00B2           ; 
 00B2           ; /* For Program */
 00B2           ; #define I2C_Stop()            I2CStop()
 00B2           ; #define I2C_SendAck() I2CSendAck()
 00B2           ; #define I2C_SendNoAck() I2CSendNoAck()
 00B2           ; #define I2C_WaitAck() I2CWaitAck()
 00B2           ; 
 00B2           ; /* I2C Config */
 00B2           ; #define I2C_ERR                       0
 00B2           ; #define I2C_CRR                       1
 00B2           ; 
 00B2           ; /*--------------------------------------------------------------------
 00B2           ; 函数名称：I2C Start
 00B2           ; 函数功能：
 00B2           ; 注意事项：
 00B2           ; 提示说明：
 00B2           ; 输    入：
 00B2           ; 返    回：
 00B2           ; --------------------------------------------------------------------*/
 00B2           ; bool I2C_Start()                                      
 00B2           ; {
 00B2                   .dbline 127
 00B2           ;       I2CStart();                                             
 00B2 84EA              ldi R24,164
 00B4 86BF              out 0x36,R24
 00B6                   .dbline 128
 00B6           ;       I2CWaitAck();
 00B6           L7:
 00B6                   .dbline 128
 00B6           L8:
 00B6                   .dbline 128
 00B6 26B6              in R2,0x36
 00B8 27FE              sbrs R2,7
 00BA FDCF              rjmp L7
 00BC           X2:
 00BC                   .dbline 128
 00BC                   .dbline 128
 00BC                   .dbline 129
 00BC           ;       if( I2CChkAck()!=I2C_START ) 
 00BC 81B1              in R24,0x1
 00BE 887F              andi R24,248
 00C0 8830              cpi R24,8
 00C2 11F0              breq L10
 00C4           X3:
 00C4                   .dbline 130
 00C4           ;               return I2C_ERR;
 00C4 0027              clr R16
 00C6 01C0              xjmp L6
 00C8           L10:
 00C8                   .dbline 131
 00C8           ;       return I2C_CRR;
 00C8 01E0              ldi R16,1
 00CA                   .dbline -2
 00CA           L6:
 00CA                   .dbline 0 ; func end
 00CA 0895              ret
 00CC                   .dbend
 00CC                   .dbfunc e I2C_Restart _I2C_Restart fc
                        .even
 00CC           _I2C_Restart::
 00CC                   .dbline -1
 00CC                   .dbline 142
 00CC           ; }
 00CC           ; /*--------------------------------------------------------------------
 00CC           ; 函数名称：I2C ReStart
 00CC           ; 函数功能：
 00CC           ; 注意事项：
 00CC           ; 提示说明：
 00CC           ; 输    入：
 00CC           ; 返    回：
 00CC           ; --------------------------------------------------------------------*/
 00CC           ; bool I2C_Restart()                                    
 00CC           ; {
 00CC                   .dbline 143
 00CC           ;       I2CStart();                                             
 00CC 84EA              ldi R24,164
 00CE 86BF              out 0x36,R24
 00D0                   .dbline 144
 00D0           ;       I2CWaitAck();
 00D0           L13:
 00D0                   .dbline 144
 00D0           L14:
 00D0                   .dbline 144
 00D0 26B6              in R2,0x36
 00D2 27FE              sbrs R2,7
 00D4 FDCF              rjmp L13
 00D6           X4:
 00D6                   .dbline 144
 00D6                   .dbline 144
 00D6                   .dbline 145
 00D6           ;       if( I2CChkAck()!=I2C_RESTART ) 
 00D6 81B1              in R24,0x1
 00D8 887F              andi R24,248
 00DA 8031              cpi R24,16
 00DC 11F0              breq L16
 00DE           X5:
 00DE                   .dbline 146
 00DE           ;               return I2C_ERR;
 00DE 0027              clr R16
 00E0 01C0              xjmp L12
 00E2           L16:
 00E2                   .dbline 147
 00E2           ;       return I2C_CRR;
 00E2 01E0              ldi R16,1
 00E4                   .dbline -2
 00E4           L12:
 00E4                   .dbline 0 ; func end
 00E4 0895              ret
 00E6                   .dbend
 00E6                   .dbfunc e I2C_SendWrDAdr _I2C_SendWrDAdr fc
 00E6           ;         wrDAdr -> R16
                        .even
 00E6           _I2C_SendWrDAdr::
 00E6                   .dbline -1
 00E6                   .dbline 158
 00E6           ; }
 00E6           ; /*--------------------------------------------------------------------
 00E6           ; 函数名称：发送 7位 器件写地址: XXXX XXX0
 00E6           ; 函数功能：
 00E6           ; 注意事项：
 00E6           ; 提示说明：
 00E6           ; 输    入：
 00E6           ; 返    回：
 00E6           ; --------------------------------------------------------------------*/
 00E6           ; bool I2C_SendWrDAdr(uint8 wrDAdr)     
 00E6           ; {
 00E6                   .dbline 159
 00E6           ;       I2CSendByte(wrDAdr);                    //设置 器件写地址
 00E6                   .dbline 159
 00E6 03B9              out 0x3,R16
 00E8                   .dbline 159
 00E8 84E8              ldi R24,132
 00EA 86BF              out 0x36,R24
 00EC                   .dbline 159
 00EC                   .dbline 159
 00EC                   .dbline 160
 00EC           ;       I2CWaitAck();
 00EC           L19:
 00EC                   .dbline 160
 00EC           L20:
 00EC                   .dbline 160
 00EC 26B6              in R2,0x36
 00EE 27FE              sbrs R2,7
 00F0 FDCF              rjmp L19
 00F2           X6:
 00F2                   .dbline 160
 00F2                   .dbline 160
 00F2                   .dbline 161
 00F2           ;       if( I2CChkAck()!=I2C_MT_SLA_ACK )  
 00F2 81B1              in R24,0x1
 00F4 887F              andi R24,248
 00F6 8831              cpi R24,24
 00F8 11F0              breq L22
 00FA           X7:
 00FA                   .dbline 162
 00FA           ;               return I2C_ERR;
 00FA 0027              clr R16
 00FC 01C0              xjmp L18
 00FE           L22:
 00FE                   .dbline 163
 00FE           ;       return I2C_CRR;         
 00FE 01E0              ldi R16,1
 0100                   .dbline -2
 0100           L18:
 0100                   .dbline 0 ; func end
 0100 0895              ret
 0102                   .dbsym r wrDAdr 16 c
 0102                   .dbend
 0102                   .dbfunc e I2C_SendWrDAdr_ _I2C_SendWrDAdr_ fc
 0102           ;         wrDAdr -> R10,R11
                        .even
 0102           _I2C_SendWrDAdr_::
 0102 AA92              st -y,R10
 0104 BA92              st -y,R11
 0106 5801              movw R10,R16
 0108                   .dbline -1
 0108                   .dbline 174
 0108           ; }
 0108           ; /*--------------------------------------------------------------------
 0108           ; 函数名称：发送 10位 器件写地址: 1111 0XX0, XXXX XXXX
 0108           ; 函数功能：
 0108           ; 注意事项：
 0108           ; 提示说明：兼容 发送 7位 器件写地址: XXXX XXX0
 0108           ; 输    入：
 0108           ; 返    回：
 0108           ; --------------------------------------------------------------------*/
 0108           ; bool I2C_SendWrDAdr_(uint16 wrDAdr)   
 0108           ; {
 0108                   .dbline 175
 0108           ;       if( wrDAdr&0xF000 == 0xF000 )   //判断是否为 10位 器件地址
 0108 A0FE              sbrs R10,0
 010A 0EC0              rjmp L25
 010C           X8:
 010C                   .dbline 176
 010C           ;               if( I2C_SendWrDAdr( (uint8)wrDAdr>>8 )==I2C_ERR )       //设置 （高位）器件写地址
 010C 0A2D              mov R16,R10
 010E 0695              lsr R16
 0110 0695              lsr R16
 0112 0695              lsr R16
 0114 0695              lsr R16
 0116 0695              lsr R16
 0118 0695              lsr R16
 011A 0695              lsr R16
 011C 0695              lsr R16
 011E E3DF              xcall _I2C_SendWrDAdr
 0120 0023              tst R16
 0122 11F4              brne L27
 0124           X9:
 0124                   .dbline 177
 0124           ;                       return I2C_ERR;
 0124 0027              clr R16
 0126 07C0              xjmp L24
 0128           L27:
 0128           L25:
 0128                   .dbline 178
 0128           ;       if( I2C_SendWrDAdr( (uint8)wrDAdr )==I2C_ERR )  //设置 （低位）器件写地址
 0128 0A2D              mov R16,R10
 012A DDDF              xcall _I2C_SendWrDAdr
 012C 0023              tst R16
 012E 11F4              brne L29
 0130           X10:
 0130                   .dbline 179
 0130           ;               return I2C_ERR;
 0130 0027              clr R16
 0132 01C0              xjmp L24
 0134           L29:
 0134                   .dbline 180
 0134           ;       return I2C_CRR;
 0134 01E0              ldi R16,1
 0136                   .dbline -2
 0136           L24:
 0136                   .dbline 0 ; func end
 0136 B990              ld R11,y+
 0138 A990              ld R10,y+
 013A 0895              ret
 013C                   .dbsym r wrDAdr 10 i
 013C                   .dbend
 013C                   .dbfunc e I2C_SendRdDAdr _I2C_SendRdDAdr fc
 013C           ;         rdDAdr -> R16
                        .even
 013C           _I2C_SendRdDAdr::
 013C                   .dbline -1
 013C                   .dbline 191
 013C           ; }
 013C           ; /*--------------------------------------------------------------------
 013C           ; 函数名称：发送 7位 器件读地址: XXXX XXX1
 013C           ; 函数功能：
 013C           ; 注意事项：
 013C           ; 提示说明：
 013C           ; 输    入：
 013C           ; 返    回：
 013C           ; --------------------------------------------------------------------*/
 013C           ; bool I2C_SendRdDAdr(uint8 rdDAdr)     
 013C           ; {
 013C                   .dbline 192
 013C           ;       I2CSendByte(rdDAdr);                    //设置 器件读地址
 013C                   .dbline 192
 013C 03B9              out 0x3,R16
 013E                   .dbline 192
 013E 84E8              ldi R24,132
 0140 86BF              out 0x36,R24
 0142                   .dbline 192
 0142                   .dbline 192
 0142                   .dbline 193
 0142           ;       I2CWaitAck();
 0142           L32:
 0142                   .dbline 193
 0142           L33:
 0142                   .dbline 193
 0142 26B6              in R2,0x36
 0144 27FE              sbrs R2,7
 0146 FDCF              rjmp L32
 0148           X11:
 0148                   .dbline 193
 0148                   .dbline 193
 0148                   .dbline 194
 0148           ;       if( I2CChkAck()!=I2C_MR_SLA_ACK )  
 0148 81B1              in R24,0x1
 014A 887F              andi R24,248
 014C 8034              cpi R24,64
 014E 11F0              breq L35
 0150           X12:
 0150                   .dbline 195
 0150           ;               return I2C_ERR;
 0150 0027              clr R16
 0152 01C0              xjmp L31
 0154           L35:
 0154                   .dbline 196
 0154           ;       return I2C_CRR; 
 0154 01E0              ldi R16,1
 0156                   .dbline -2
 0156           L31:
 0156                   .dbline 0 ; func end
 0156 0895              ret
 0158                   .dbsym r rdDAdr 16 c
 0158                   .dbend
 0158                   .dbfunc e I2C_SendRdDAdr_ _I2C_SendRdDAdr_ fc
 0158           ;         rdDAdr -> R10
                        .even
 0158           _I2C_SendRdDAdr_::
 0158 AA92              st -y,R10
 015A A02E              mov R10,R16
 015C                   .dbline -1
 015C                   .dbline 207
 015C           ; }
 015C           ; /*--------------------------------------------------------------------
 015C           ; 函数名称：发送 10位 器件读地址: 1111 0XX0, XXXX XXXX
 015C           ; 函数功能：
 015C           ; 注意事项：
 015C           ; 提示说明：
 015C           ; 输    入：
 015C           ; 返    回：
 015C           ; --------------------------------------------------------------------*/
 015C           ; bool I2C_SendRdDAdr_(uint8 rdDAdr)    
 015C           ; {
 015C                   .dbline 208
 015C           ;       if( rdDAdr&0xF000 == 0xF000 )   //判断是否为 10位 器件地址
 015C A0FE              sbrs R10,0
 015E 0EC0              rjmp L38
 0160           X13:
 0160                   .dbline 209
 0160           ;               if( I2C_SendWrDAdr( (uint8)rdDAdr>>8 )==I2C_ERR )       //设置 （高位）器件读地址
 0160 0A2D              mov R16,R10
 0162 0695              lsr R16
 0164 0695              lsr R16
 0166 0695              lsr R16
 0168 0695              lsr R16
 016A 0695              lsr R16
 016C 0695              lsr R16
 016E 0695              lsr R16
 0170 0695              lsr R16
 0172 B9DF              xcall _I2C_SendWrDAdr
 0174 0023              tst R16
 0176 11F4              brne L40
 0178           X14:
 0178                   .dbline 210
 0178           ;                       return I2C_ERR;
 0178 0027              clr R16
 017A 07C0              xjmp L37
 017C           L40:
 017C           L38:
 017C                   .dbline 211
 017C           ;       if( I2C_SendWrDAdr( (uint8)rdDAdr )==I2C_ERR )  //设置 （低位）器件读地址
 017C 0A2D              mov R16,R10
 017E B3DF              xcall _I2C_SendWrDAdr
 0180 0023              tst R16
 0182 11F4              brne L42
 0184           X15:
 0184                   .dbline 212
 0184           ;               return I2C_ERR;
 0184 0027              clr R16
 0186 01C0              xjmp L37
 0188           L42:
 0188                   .dbline 213
 0188           ;       return I2C_CRR;
 0188 01E0              ldi R16,1
 018A                   .dbline -2
 018A           L37:
 018A                   .dbline 0 ; func end
 018A A990              ld R10,y+
 018C 0895              ret
 018E                   .dbsym r rdDAdr 10 c
 018E                   .dbend
 018E                   .dbfunc e I2C_SendDat _I2C_SendDat fc
 018E           ;      configDat -> R16
                        .even
 018E           _I2C_SendDat::
 018E                   .dbline -1
 018E                   .dbline 224
 018E           ; }
 018E           ; /*--------------------------------------------------------------------
 018E           ; 函数名称：I2C发送数据
 018E           ; 函数功能：
 018E           ; 注意事项：
 018E           ; 提示说明：
 018E           ; 输    入：
 018E           ; 返    回：
 018E           ; --------------------------------------------------------------------*/
 018E           ; bool I2C_SendDat(uint8 configDat)     
 018E           ; {
 018E                   .dbline 225
 018E           ;       I2CSendByte(configDat);                 
 018E                   .dbline 225
 018E 03B9              out 0x3,R16
 0190                   .dbline 225
 0190 84E8              ldi R24,132
 0192 86BF              out 0x36,R24
 0194                   .dbline 225
 0194                   .dbline 225
 0194                   .dbline 226
 0194           ;       I2CWaitAck();
 0194           L45:
 0194                   .dbline 226
 0194           L46:
 0194                   .dbline 226
 0194 26B6              in R2,0x36
 0196 27FE              sbrs R2,7
 0198 FDCF              rjmp L45
 019A           X16:
 019A                   .dbline 226
 019A                   .dbline 226
 019A                   .dbline 227
 019A           ;       if( I2CChkAck()!=I2C_MT_DATA_ACK ) 
 019A 81B1              in R24,0x1
 019C 887F              andi R24,248
 019E 8832              cpi R24,40
 01A0 11F0              breq L48
 01A2           X17:
 01A2                   .dbline 228
 01A2           ;               return I2C_ERR;
 01A2 0027              clr R16
 01A4 01C0              xjmp L44
 01A6           L48:
 01A6                   .dbline 229
 01A6           ;       return I2C_CRR; 
 01A6 01E0              ldi R16,1
 01A8                   .dbline -2
 01A8           L44:
 01A8                   .dbline 0 ; func end
 01A8 0895              ret
 01AA                   .dbsym r configDat 16 c
 01AA                   .dbend
 01AA                   .dbfunc e I2C_RcvNAckDat _I2C_RcvNAckDat fc
 01AA           ;         pRdDat -> R16,R17
                        .even
 01AA           _I2C_RcvNAckDat::
 01AA                   .dbline -1
 01AA                   .dbline 240
 01AA           ; }
 01AA           ; /*--------------------------------------------------------------------
 01AA           ; 函数名称：I2C接收数据且不产生应答
 01AA           ; 函数功能：
 01AA           ; 注意事项：
 01AA           ; 提示说明：
 01AA           ; 输    入：
 01AA           ; 返    回：
 01AA           ; --------------------------------------------------------------------*/
 01AA           ; bool I2C_RcvNAckDat(uint8 *pRdDat)    
 01AA           ; {
 01AA                   .dbline 241
 01AA           ;       I2CRcvNckByte();
 01AA 84E8              ldi R24,132
 01AC 86BF              out 0x36,R24
 01AE                   .dbline 242
 01AE           ;       I2CWaitAck();
 01AE           L51:
 01AE                   .dbline 242
 01AE           L52:
 01AE                   .dbline 242
 01AE 26B6              in R2,0x36
 01B0 27FE              sbrs R2,7
 01B2 FDCF              rjmp L51
 01B4           X18:
 01B4                   .dbline 242
 01B4                   .dbline 242
 01B4                   .dbline 243
 01B4           ;       if( I2CChkAck()!=I2C_MR_DATA_NACK )
 01B4 81B1              in R24,0x1
 01B6 887F              andi R24,248
 01B8 8835              cpi R24,88
 01BA 11F0              breq L54
 01BC           X19:
 01BC                   .dbline 244
 01BC           ;               return I2C_ERR;
 01BC 0027              clr R16
 01BE 04C0              xjmp L50
 01C0           L54:
 01C0                   .dbline 245
 01C0           ;       *pRdDat=TWDR;
 01C0 23B0              in R2,0x3
 01C2 F801              movw R30,R16
 01C4 2082              std z+0,R2
 01C6                   .dbline 246
 01C6           ;       return I2C_CRR;
 01C6 01E0              ldi R16,1
 01C8                   .dbline -2
 01C8           L50:
 01C8                   .dbline 0 ; func end
 01C8 0895              ret
 01CA                   .dbsym r pRdDat 16 pc
 01CA                   .dbend
 01CA                   .dbfunc e I2C_RcvAckDat _I2C_RcvAckDat fc
 01CA           ;         pRdDat -> R16,R17
                        .even
 01CA           _I2C_RcvAckDat::
 01CA                   .dbline -1
 01CA                   .dbline 257
 01CA           ; }
 01CA           ; /*--------------------------------------------------------------------
 01CA           ; 函数名称：I2C接收数据且产生应答
 01CA           ; 函数功能：
 01CA           ; 注意事项：
 01CA           ; 提示说明：
 01CA           ; 输    入：
 01CA           ; 返    回：
 01CA           ; --------------------------------------------------------------------*/
 01CA           ; bool I2C_RcvAckDat(uint8 *pRdDat)     
 01CA           ; {
 01CA                   .dbline 258
 01CA           ;       I2CRcvAckByte();                                        
 01CA 84EC              ldi R24,196
 01CC 86BF              out 0x36,R24
 01CE                   .dbline 259
 01CE           ;       I2CWaitAck();
 01CE           L57:
 01CE                   .dbline 259
 01CE           L58:
 01CE                   .dbline 259
 01CE 26B6              in R2,0x36
 01D0 27FE              sbrs R2,7
 01D2 FDCF              rjmp L57
 01D4           X20:
 01D4                   .dbline 259
 01D4                   .dbline 259
 01D4                   .dbline 260
 01D4           ;       if( I2CChkAck()!=I2C_MR_DATA_ACK )
 01D4 81B1              in R24,0x1
 01D6 887F              andi R24,248
 01D8 8035              cpi R24,80
 01DA 11F0              breq L60
 01DC           X21:
 01DC                   .dbline 261
 01DC           ;               return I2C_ERR;
 01DC 0027              clr R16
 01DE 04C0              xjmp L56
 01E0           L60:
 01E0                   .dbline 262
 01E0           ;       *pRdDat=TWDR;
 01E0 23B0              in R2,0x3
 01E2 F801              movw R30,R16
 01E4 2082              std z+0,R2
 01E6                   .dbline 263
 01E6           ;       return I2C_CRR;
 01E6 01E0              ldi R16,1
 01E8                   .dbline -2
 01E8           L56:
 01E8                   .dbline 0 ; func end
 01E8 0895              ret
 01EA                   .dbsym r pRdDat 16 pc
 01EA                   .dbend
 01EA                   .dbfunc e I2C_Write _I2C_Write fc
 01EA           ;            dat -> R10
 01EA           ;        wordAdr -> R12
 01EA           ;         wrDAdr -> R14,R15
                        .even
 01EA           _I2C_Write::
 01EA 0E940000          xcall push_xgset00FC
 01EE C22E              mov R12,R18
 01F0 7801              movw R14,R16
 01F2 AE80              ldd R10,y+6
 01F4                   .dbline -1
 01F4                   .dbline 276
 01F4           ; }
 01F4           ; /*--------------------------------------------------------------------
 01F4           ; 函数名称：I2C写器件，写一个数据
 01F4           ; 函数功能：
 01F4           ; 注意事项：
 01F4           ; 提示说明：
 01F4           ; 输    入：wrDAdr: write device-address 写器件地址
 01F4           ;                wordAdr: word address 字地址
 01F4           ;                dat: data 数据
 01F4           ; 返    回：
 01F4           ; --------------------------------------------------------------------*/
 01F4           ; bool I2C_Write(uint16 wrDAdr,uint8 wordAdr,uint8 dat)
 01F4           ; {
 01F4                   .dbline 277
 01F4           ;       if( I2C_Start()==I2C_ERR )
 01F4 5EDF              xcall _I2C_Start
 01F6 0023              tst R16
 01F8 11F4              brne L63
 01FA           X22:
 01FA                   .dbline 278
 01FA           ;               return I2C_ERR;
 01FA 0027              clr R16
 01FC 17C0              xjmp L62
 01FE           L63:
 01FE                   .dbline 280
 01FE           ; 
 01FE           ;       if( I2C_SendWrDAdr_(wrDAdr)==I2C_ERR )
 01FE 8701              movw R16,R14
 0200 80DF              xcall _I2C_SendWrDAdr_
 0202 0023              tst R16
 0204 11F4              brne L65
 0206           X23:
 0206                   .dbline 281
 0206           ;               return I2C_ERR;
 0206 0027              clr R16
 0208 11C0              xjmp L62
 020A           L65:
 020A                   .dbline 283
 020A           ; 
 020A           ;       if( I2C_SendDat(wordAdr)==I2C_ERR )
 020A 0C2D              mov R16,R12
 020C C0DF              xcall _I2C_SendDat
 020E C02E              mov R12,R16
 0210 0023              tst R16
 0212 11F4              brne L67
 0214           X24:
 0214                   .dbline 284
 0214           ;               return I2C_ERR;
 0214 0027              clr R16
 0216 0AC0              xjmp L62
 0218           L67:
 0218                   .dbline 286
 0218           ; 
 0218           ;       if( I2C_SendDat(dat)==I2C_ERR )
 0218 0A2D              mov R16,R10
 021A B9DF              xcall _I2C_SendDat
 021C A02E              mov R10,R16
 021E 0023              tst R16
 0220 11F4              brne L69
 0222           X25:
 0222                   .dbline 287
 0222           ;               return I2C_ERR;
 0222 0027              clr R16
 0224 03C0              xjmp L62
 0226           L69:
 0226                   .dbline 289
 0226           ; 
 0226           ;       I2C_Stop();
 0226 84E9              ldi R24,148
 0228 86BF              out 0x36,R24
 022A                   .dbline 291
 022A           ; 
 022A           ;       return I2C_CRR;
 022A 01E0              ldi R16,1
 022C                   .dbline -2
 022C           L62:
 022C                   .dbline 0 ; func end
 022C 0C940000          xjmp pop_xgset00FC
 0230                   .dbsym r dat 10 c
 0230                   .dbsym r wordAdr 12 c
 0230                   .dbsym r wrDAdr 14 i
 0230                   .dbend
 0230                   .dbfunc e I2C_Read _I2C_Read fc
 0230           ;         pRdDat -> R10,R11
 0230           ;         rdDAdr -> R12
 0230           ;        wordAdr -> R14
 0230           ;         wrDAdr -> R20,R21
                        .even
 0230           _I2C_Read::
 0230 0E940000          xcall push_xgset30FC
 0234 E22E              mov R14,R18
 0236 A801              movw R20,R16
 0238 C884              ldd R12,y+8
 023A AA84              ldd R10,y+10
 023C BB84              ldd R11,y+11
 023E                   .dbline -1
 023E                   .dbline 322
 023E           ; }
 023E           ; /*--------------------------------------------------------------------
 023E           ; 函数名称：I2C写器件，写N个数据
 023E           ; 函数功能：
 023E           ; 注意事项：
 023E           ; 提示说明：
 023E           ; 输    入：wrDAdr: write device-address 写器件地址
 023E           ;                wordAdr: word address 字地址
 023E           ;                *pWrDat: p->write data 写入数据指针
 023E           ;                num: number 写入数据个数
 023E           ; 返    回：
 023E           ; --------------------------------------------------------------------*/
 023E           ; //bool I2C_Write_(uint16 wrDAdr,uint8 wordAdr,
 023E           ; //                              uint8 *pWrDat,uint8 num)
 023E           ; //{
 023E           ; //
 023E           ; //} 
 023E           ; /*--------------------------------------------------------------------
 023E           ; 函数名称：I2C读器件，读一个数据
 023E           ; 函数功能：
 023E           ; 注意事项：
 023E           ; 提示说明：
 023E           ; 输    入：wrDAdr: write device-address 写器件地址
 023E           ;                wordAdr: word address 字地址
 023E           ;                rdDAdr: read device-address 读器件地址
 023E           ;                *pRdDat: p->read data 读取数据指针
 023E           ; 返    回：
 023E           ; --------------------------------------------------------------------*/
 023E           ; bool I2C_Read(uint16 wrDAdr,uint8 wordAdr,
 023E           ;                         uint8 rdDAdr,uint8 *pRdDat)
 023E           ; {
 023E                   .dbline 323
 023E           ;       if( I2C_Start()==I2C_ERR )
 023E 39DF              xcall _I2C_Start
 0240 0023              tst R16
 0242 11F4              brne L72
 0244           X26:
 0244                   .dbline 324
 0244           ;               return I2C_ERR;
 0244 0027              clr R16
 0246 24C0              xjmp L71
 0248           L72:
 0248                   .dbline 326
 0248           ; 
 0248           ;       if( I2C_SendWrDAdr_(wrDAdr)==I2C_ERR )
 0248 8A01              movw R16,R20
 024A 5BDF              xcall _I2C_SendWrDAdr_
 024C 0023              tst R16
 024E 11F4              brne L74
 0250           X27:
 0250                   .dbline 327
 0250           ;               return I2C_ERR;
 0250 0027              clr R16
 0252 1EC0              xjmp L71
 0254           L74:
 0254                   .dbline 329
 0254           ; 
 0254           ;       if( I2C_SendDat(wordAdr)==I2C_ERR )
 0254 0E2D              mov R16,R14
 0256 9BDF              xcall _I2C_SendDat
 0258 E02E              mov R14,R16
 025A 0023              tst R16
 025C 11F4              brne L76
 025E           X28:
 025E                   .dbline 330
 025E           ;               return I2C_ERR;
 025E 0027              clr R16
 0260 17C0              xjmp L71
 0262           L76:
 0262                   .dbline 332
 0262           ; 
 0262           ;       if( I2C_Restart()==I2C_ERR )
 0262 34DF              xcall _I2C_Restart
 0264 E02E              mov R14,R16
 0266 0023              tst R16
 0268 11F4              brne L78
 026A           X29:
 026A                   .dbline 333
 026A           ;               return I2C_ERR;
 026A 0027              clr R16
 026C 11C0              xjmp L71
 026E           L78:
 026E                   .dbline 335
 026E           ; 
 026E           ;       if( I2C_SendRdDAdr(rdDAdr)==I2C_ERR )
 026E 0C2D              mov R16,R12
 0270 65DF              xcall _I2C_SendRdDAdr
 0272 C02E              mov R12,R16
 0274 0023              tst R16
 0276 11F4              brne L80
 0278           X30:
 0278                   .dbline 336
 0278           ;               return I2C_ERR;
 0278 0027              clr R16
 027A 0AC0              xjmp L71
 027C           L80:
 027C                   .dbline 338
 027C           ; 
 027C           ;       if( I2C_RcvNAckDat(pRdDat)==I2C_ERR )
 027C 8501              movw R16,R10
 027E 95DF              xcall _I2C_RcvNAckDat
 0280 A02E              mov R10,R16
 0282 0023              tst R16
 0284 11F4              brne L82
 0286           X31:
 0286                   .dbline 339
 0286           ;               return I2C_ERR;
 0286 0027              clr R16
 0288 03C0              xjmp L71
 028A           L82:
 028A                   .dbline 341
 028A           ; 
 028A           ;       I2C_Stop();
 028A 84E9              ldi R24,148
 028C 86BF              out 0x36,R24
 028E                   .dbline 343
 028E           ; 
 028E           ;       return I2C_CRR;
 028E 01E0              ldi R16,1
 0290                   .dbline -2
 0290           L71:
 0290                   .dbline 0 ; func end
 0290 0C940000          xjmp pop_xgset30FC
 0294                   .dbsym r pRdDat 10 pc
 0294                   .dbsym r rdDAdr 12 c
 0294                   .dbsym r wordAdr 14 c
 0294                   .dbsym r wrDAdr 20 i
 0294                   .dbend
 0294                   .dbfunc e I2C_Read_ _I2C_Read_ fc
 0294           ;              i -> R12
 0294           ;            num -> R20
 0294           ;         pRdDat -> R10,R11
 0294           ;         rdDAdr -> R12
 0294           ;        wordAdr -> R14
 0294           ;         wrDAdr -> R22,R23
                        .even
 0294           _I2C_Read_::
 0294 0E940000          xcall push_xgsetF0FC
 0298 E22E              mov R14,R18
 029A B801              movw R22,R16
 029C CA84              ldd R12,y+10
 029E AC84              ldd R10,y+12
 02A0 BD84              ldd R11,y+13
 02A2 4E85              ldd R20,y+14
 02A4                   .dbline -1
 02A4                   .dbline 359
 02A4           ; }
 02A4           ; /*--------------------------------------------------------------------
 02A4           ; 函数名称：I2C读器件，读N个数据
 02A4           ; 函数功能：
 02A4           ; 注意事项：
 02A4           ; 提示说明：
 02A4           ; 输    入：wrDAdr: write device-address 写器件地址
 02A4           ;                wordAdr: word address 字地址
 02A4           ;                rdDAdr: read device-address 读器件地址
 02A4           ;                *pRdDat: p->read data 读取数据指针
 02A4           ;                num: number 读取数据个数
 02A4           ; 返    回：
 02A4           ; --------------------------------------------------------------------*/
 02A4           ; bool I2C_Read_(uint16 wrDAdr,uint8 wordAdr,
 02A4           ;                          uint8 rdDAdr,uint8 *pRdDat,uint8 num)
 02A4           ; {
 02A4                   .dbline 362
 02A4           ;       uint8 i;
 02A4           ;       
 02A4           ;       if( I2C_Start()==I2C_ERR )
 02A4 06DF              xcall _I2C_Start
 02A6 0023              tst R16
 02A8 11F4              brne L85
 02AA           X32:
 02AA                   .dbline 363
 02AA           ;               return I2C_ERR;
 02AA 0027              clr R16
 02AC 38C0              xjmp L84
 02AE           L85:
 02AE                   .dbline 365
 02AE           ; 
 02AE           ;       if( I2C_SendWrDAdr_(wrDAdr)==I2C_ERR )
 02AE 8B01              movw R16,R22
 02B0 28DF              xcall _I2C_SendWrDAdr_
 02B2 0023              tst R16
 02B4 11F4              brne L87
 02B6           X33:
 02B6                   .dbline 366
 02B6           ;               return I2C_ERR;
 02B6 0027              clr R16
 02B8 32C0              xjmp L84
 02BA           L87:
 02BA                   .dbline 368
 02BA           ; 
 02BA           ;       if( I2C_SendDat(wordAdr)==I2C_ERR )
 02BA 0E2D              mov R16,R14
 02BC 68DF              xcall _I2C_SendDat
 02BE E02E              mov R14,R16
 02C0 0023              tst R16
 02C2 11F4              brne L89
 02C4           X34:
 02C4                   .dbline 369
 02C4           ;               return I2C_ERR;
 02C4 0027              clr R16
 02C6 2BC0              xjmp L84
 02C8           L89:
 02C8                   .dbline 371
 02C8           ; 
 02C8           ;       if( I2C_Restart()==I2C_ERR )
 02C8 01DF              xcall _I2C_Restart
 02CA E02E              mov R14,R16
 02CC 0023              tst R16
 02CE 11F4              brne L91
 02D0           X35:
 02D0                   .dbline 372
 02D0           ;               return I2C_ERR;
 02D0 0027              clr R16
 02D2 25C0              xjmp L84
 02D4           L91:
 02D4                   .dbline 374
 02D4           ; 
 02D4           ;       if( I2C_SendRdDAdr(rdDAdr)==I2C_ERR )
 02D4 0C2D              mov R16,R12
 02D6 32DF              xcall _I2C_SendRdDAdr
 02D8 C02E              mov R12,R16
 02DA 0023              tst R16
 02DC 11F4              brne L93
 02DE           X36:
 02DE                   .dbline 375
 02DE           ;               return I2C_ERR;
 02DE 0027              clr R16
 02E0 1EC0              xjmp L84
 02E2           L93:
 02E2                   .dbline 377
 02E2           ; 
 02E2           ;       for(i=0;i<num-1;i++)
 02E2 CC24              clr R12
 02E4 0BC0              xjmp L98
 02E6           L95:
 02E6                   .dbline 378
 02E6           ;               if( I2C_RcvAckDat(pRdDat+i)==I2C_ERR )
 02E6 0C2D              mov R16,R12
 02E8 1127              clr R17
 02EA 0A0D              add R16,R10
 02EC 1B1D              adc R17,R11
 02EE 6DDF              xcall _I2C_RcvAckDat
 02F0 E02E              mov R14,R16
 02F2 0023              tst R16
 02F4 11F4              brne L99
 02F6           X37:
 02F6                   .dbline 379
 02F6           ;                       return I2C_ERR;
 02F6 0027              clr R16
 02F8 12C0              xjmp L84
 02FA           L99:
 02FA           L96:
 02FA                   .dbline 377
 02FA C394              inc R12
 02FC           L98:
 02FC                   .dbline 377
 02FC 842F              mov R24,R20
 02FE 8150              subi R24,1
 0300 C816              cp R12,R24
 0302 88F3              brlo L95
 0304           X38:
 0304                   .dbline 381
 0304           ;       
 0304           ;       if( I2C_RcvNAckDat(pRdDat+i)==I2C_ERR )
 0304 0C2D              mov R16,R12
 0306 1127              clr R17
 0308 0A0D              add R16,R10
 030A 1B1D              adc R17,R11
 030C 4EDF              xcall _I2C_RcvNAckDat
 030E A02E              mov R10,R16
 0310 0023              tst R16
 0312 11F4              brne L101
 0314           X39:
 0314                   .dbline 382
 0314           ;                       return I2C_ERR;
 0314 0027              clr R16
 0316 03C0              xjmp L84
 0318           L101:
 0318                   .dbline 384
 0318           ; 
 0318           ;       I2C_Stop();
 0318 84E9              ldi R24,148
 031A 86BF              out 0x36,R24
 031C                   .dbline 386
 031C           ;       
 031C           ;       return I2C_CRR;
 031C 01E0              ldi R16,1
 031E                   .dbline -2
 031E           L84:
 031E                   .dbline 0 ; func end
 031E 0C940000          xjmp pop_xgsetF0FC
 0322                   .dbsym r i 12 c
 0322                   .dbsym r num 20 c
 0322                   .dbsym r pRdDat 10 pc
 0322                   .dbsym r rdDAdr 12 c
 0322                   .dbsym r wordAdr 14 c
 0322                   .dbsym r wrDAdr 22 i
 0322                   .dbend
 0322                   .dbfile D:\ICC_H\Hardware.H
 0322                   .dbfunc e delay50us _delay50us fV
 0322           ;              j -> R20
 0322           ;              t -> R16,R17
                        .even
 0322           _delay50us::
 0322 4A93              st -y,R20
 0324                   .dbline -1
 0324                   .dbline 105
 0324           ; /*********************************************************************
 0324           ;       微 雪 电 子   WaveShare   http://www.waveShare.net              
 0324           ;                                                                       
 0324           ; 目    的:   建立AVR的硬件提取库，增加各类补丁，方便移植
 0324           ;                                       
 0324           ; 目标系统:   基于AVR单片机
 0324           ;                                                                               
 0324           ; 应用软件:   ICCAVR
 0324           ;                                                                               
 0324           ; 版    本:   Version 1.0                                                          
 0324           ;                                                                               
 0324           ; 圆版时间:   2005-06-25
 0324           ;       
 0324           ; 开发人员:   SEE
 0324           ; 
 0324           ; 说    明:   若用于商业用途，请保留此段文字或注明代码来源
 0324           ;       
 0324           ;       深 圳 市 微 雪 电 子 有 限 公 司 保 留 所 有 的 版 权     
 0324           ; *********************************************************************/
 0324           ; 
 0324           ; /*01010101010101010101010101010101010101010101010101010101010101010101
 0324           ; ----------------------------------------------------------------------
 0324           ; 版本更新记录：
 0324           ; 
 0324           ; ----------------------------------------------------------------------
 0324           ; 入口参数说明：
 0324           ; 
 0324           ; ----------------------------------------------------------------------
 0324           ; 待定参数说明：
 0324           ; 
 0324           ; ----------------------------------------------------------------------        
 0324           ; 对外变量说明：
 0324           ;     
 0324           ; ----------------------------------------------------------------------
 0324           ; 对外函数说明：
 0324           ;    
 0324           ; ----------------------------------------------------------------------
 0324           ; 10101010101010101010101010101010101010101010101010101010101010101010*/
 0324           ; 
 0324           ; #ifndef Hardware_H
 0324           ; #define Hardware_H
 0324           ; 
 0324           ; #include <math.h>
 0324           ; #include <string.h>
 0324           ; #include <stdio.h>
 0324           ; #include <macros.h>
 0324           ; #include <eeprom.h>
 0324           ; //#include <wdt.h>
 0324           ; 
 0324           ; /* TWI configs */
 0324           ; //如使用ATMEGA162(没有TWI接口)之类的MCU，在加载Hardware.H前，务必加“#define NO_INCLUDE_I2C_H 1”语句
 0324           ; #if NO_INCLUDE_I2C_H
 0324           ; ;
 0324           ; #else
 0324           ; #include "D:\ICC_H\I2C.H"     //i2c即AVR的"twi"
 0324           ; #endif
 0324           ; 
 0324           ; /* hard configs */
 0324           ; #ifndef flash
 0324           ;       #define flash   const
 0324           ; #endif
 0324           ; 
 0324           ; #ifndef code
 0324           ;       #define code    const
 0324           ; #endif
 0324           ; 
 0324           ; #ifndef NOP
 0324           ;       #define NOP()   asm("nop")
 0324           ; #endif
 0324           ; 
 0324           ; /* io configs */
 0324           ; #define sbi(io,bit)           (  io |=  (1<<bit) )    //example: sbi(PORTA,0);sbi(DDRA,0);
 0324           ; #define cbi(io,bit)           (  io &= ~(1<<bit) )    //example: cbi(PORTA,0);cbi(DDRA,0);
 0324           ; #define gbi(pin ,bit) ( pin &   (1<<bit) )    //example: gbi(PINA,0);
 0324           ; 
 0324           ; /* interrupt configs */
 0324           ; #define DIS_INT  asm("sei")
 0324           ; #define EN_INT   asm("cli")
 0324           ; 
 0324           ; /* wdt configs */
 0324           ; #define WDT()    asm("wdr")
 0324           ; 
 0324           ; /* bit operation */
 0324           ; //#ifndef BIT
 0324           ; //#define BIT(x)      ( 1<<(x) )
 0324           ; //#endif
 0324           ; 
 0324           ; /* USART configs for 4 Mhz crystal */
 0324           ; //#define BAUD9600                    25
 0324           ; //#define BAUD19000                   12
 0324           ; //#define UART_TRAN_ON()      UCR |=  0x08
 0324           ; //#define UART_TRAN_OFF()     UCR &= ~0x08
 0324           ; //#define UART_RCV_ON()               UCR |=  0x10
 0324           ; //#define UART_RCV_OFF()      UCR &= ~0x10
 0324           ; 
 0324           ; /*--------------------------------------------------------------------
 0324           ; 函数全称：50us 延时
 0324           ; 函数功能：当然是 50us延时 啦
 0324           ; 注意事项：基于7.3728M晶振，稍微有点误差
 0324           ; 提示说明：调用delay50us（20），得到1ms延时
 0324           ; 输    入：    
 0324           ; 返    回：无 
 0324           ; --------------------------------------------------------------------*/
 0324           ; void delay50us(sint16 t)
 0324           ; {
 0324                   .dbline 107
 0324           ;     uint8 j;          
 0324           ;     for(;t>0;t--)                     
 0324 07C0              xjmp L107
 0326           L104:
 0326                   .dbline 108
 0326           ;         for(j=0;j<70;j++)     
 0326 4427              clr R20
 0328 01C0              xjmp L111
 032A           L108:
 032A                   .dbline 109
 032A           ;             ;
 032A           L109:
 032A                   .dbline 108
 032A 4395              inc R20
 032C           L111:
 032C                   .dbline 108
 032C 4634              cpi R20,70
 032E E8F3              brlo L108
 0330           X40:
 0330           L105:
 0330                   .dbline 107
 0330 0150              subi R16,1
 0332 1040              sbci R17,0
 0334           L107:
 0334                   .dbline 107
 0334 2224              clr R2
 0336 3324              clr R3
 0338 2016              cp R2,R16
 033A 3106              cpc R3,R17
 033C A4F3              brlt L104
 033E           X41:
 033E                   .dbline -2
 033E           L103:
 033E                   .dbline 0 ; func end
 033E 4991              ld R20,y+
 0340 0895              ret
 0342                   .dbsym r j 20 c
 0342                   .dbsym r t 16 I
 0342                   .dbend
 0342                   .dbfunc e delay50ms _delay50ms fV
 0342           ;              i -> R20,R21
 0342           ;              t -> R16,R17
                        .even
 0342           _delay50ms::
 0342 4A93              st -y,R20
 0344 5A93              st -y,R21
 0346                   .dbline -1
 0346                   .dbline 120
 0346           ; }
 0346           ; /*--------------------------------------------------------------------
 0346           ; 函数全称：50ms 延时
 0346           ; 函数功能：当然是 50ms延时 啦
 0346           ; 注意事项：基于7.3728M晶振，稍微有点误差
 0346           ; 提示说明：调用delay50ms（20），得到1s延时 
 0346           ; 输    入：
 0346           ; 返    回：无
 0346           ; --------------------------------------------------------------------*/
 0346           ; void delay50ms(sint16 t)
 0346           ; {
 0346                   .dbline 122
 0346           ;       uint16 i; 
 0346           ;       for(;t>0;t--)
 0346 13C0              xjmp L116
 0348           L113:
 0348                   .dbline 123
 0348           ;               for(i=0;i<52642;i++)
 0348 4427              clr R20
 034A 5527              clr R21
 034C 02C0              xjmp L120
 034E           L117:
 034E                   .dbline 124
 034E           ;                       ; 
 034E           L118:
 034E                   .dbline 123
 034E 4F5F              subi R20,255  ; offset = 1
 0350 5F4F              sbci R21,255
 0352           L120:
 0352                   .dbline 123
 0352 82EA              ldi R24,162
 0354 9DEC              ldi R25,205
 0356 A0E0              ldi R26,0
 0358 B0E0              ldi R27,0
 035A 1A01              movw R2,R20
 035C 4424              clr R4
 035E 5524              clr R5
 0360 2816              cp R2,R24
 0362 3906              cpc R3,R25
 0364 4A06              cpc R4,R26
 0366 5B06              cpc R5,R27
 0368 94F3              brlt L117
 036A           X42:
 036A           L114:
 036A                   .dbline 122
 036A 0150              subi R16,1
 036C 1040              sbci R17,0
 036E           L116:
 036E                   .dbline 122
 036E 2224              clr R2
 0370 3324              clr R3
 0372 2016              cp R2,R16
 0374 3106              cpc R3,R17
 0376 44F3              brlt L113
 0378           X43:
 0378                   .dbline -2
 0378           L112:
 0378                   .dbline 0 ; func end
 0378 5991              ld R21,y+
 037A 4991              ld R20,y+
 037C 0895              ret
 037E                   .dbsym r i 20 i
 037E                   .dbsym r t 16 I
 037E                   .dbend
 037E                   .dbfunc e delayus _delayus fV
 037E           ;              i -> R20,R21
 037E           ;              t -> R16,R17
                        .even
 037E           _delayus::
 037E 4A93              st -y,R20
 0380 5A93              st -y,R21
 0382                   .dbline -1
 0382                   .dbline 129
 0382           ; }
 0382           ; 
 0382           ; 
 0382           ; void delayus(uint16 t)
 0382           ; {
 0382                   .dbline 131
 0382           ;       uint16 i;
 0382           ;       for(i=0;i<t;i++)
 0382 4427              clr R20
 0384 5527              clr R21
 0386 02C0              xjmp L125
 0388           L122:
 0388                   .dbline 132
 0388           ;               {
 0388                   .dbline 135
 0388           ;                       //asm("NOP\n");
 0388           ;                       //asm("NOP\n");
 0388           ;               }
 0388           L123:
 0388                   .dbline 131
 0388 4F5F              subi R20,255  ; offset = 1
 038A 5F4F              sbci R21,255
 038C           L125:
 038C                   .dbline 131
 038C 4017              cp R20,R16
 038E 5107              cpc R21,R17
 0390 D8F3              brlo L122
 0392           X44:
 0392                   .dbline -2
 0392           L121:
 0392                   .dbline 0 ; func end
 0392 5991              ld R21,y+
 0394 4991              ld R20,y+
 0396 0895              ret
 0398                   .dbsym r i 20 i
 0398                   .dbsym r t 16 i
 0398                   .dbend
 0398                   .dbfile D:\ICC_H\PCF8591.H
 0398                   .dbfunc e PCF8591_getAD _PCF8591_getAD fV
 0398           ;         pRdDat -> R14,R15
 0398           ;           chan -> R10
 0398           ;           mode -> R12
                        .even
 0398           _PCF8591_getAD::
 0398 0E940000          xcall push_xgset00FC
 039C A22E              mov R10,R18
 039E C02E              mov R12,R16
 03A0 2497              sbiw R28,4
 03A2 EA84              ldd R14,y+10
 03A4 FB84              ldd R15,y+11
 03A6                   .dbline -1
 03A6                   .dbline 89
 03A6           ; /*********************************************************************
 03A6           ;       微 雪 电 子   WaveShare   http://www.waveShare.net      
 03A6           ; 
 03A6           ; 目    的:   建立方便的PCF8591操作库
 03A6           ; 
 03A6           ; 目标系统:   基于AVR单片机
 03A6           ;                                                                               
 03A6           ; 应用软件:   ICCAVR
 03A6           ;                                                                               
 03A6           ; 版    本:   Version 1.0                                                
 03A6           ;                                                                               
 03A6           ; 圆版时间:   2005-06-25
 03A6           ;       
 03A6           ; 开发人员:   SEE
 03A6           ; 
 03A6           ; 说    明:   若用于商业用途，请保留此段文字或注明代码来源
 03A6           ;       
 03A6           ;       深 圳 市 微 雪 电 子 有 限 公 司 保 留 所 有 的 版 权     
 03A6           ; *********************************************************************/
 03A6           ; 
 03A6           ; /*01010101010101010101010101010101010101010101010101010101010101010101
 03A6           ; ----------------------------------------------------------------------
 03A6           ; 版本更新记录：
 03A6           ; 
 03A6           ; ----------------------------------------------------------------------
 03A6           ; 入口参数说明：
 03A6           ;       sbit I2C_SCL=P3^1;
 03A6           ;       sbit I2C_SDA=P3^0;
 03A6           ;       #define WR_DADR 0x90    //器件地址：A2 A1 A0 = 0 0 0
 03A6           ;       #define RD_DADR 0x91    //器件地址：A2 A1 A0 = 0 0 0
 03A6           ; 
 03A6           ; ----------------------------------------------------------------------
 03A6           ; 待定参数说明：
 03A6           ; 
 03A6           ; ----------------------------------------------------------------------        
 03A6           ; 对外变量说明：
 03A6           ; 
 03A6           ; ----------------------------------------------------------------------
 03A6           ; 对外函数说明：
 03A6           ; 
 03A6           ; ----------------------------------------------------------------------
 03A6           ; 10101010101010101010101010101010101010101010101010101010101010101010*/
 03A6           ; 
 03A6           ; #ifndef PCF8591_H
 03A6           ; #define PCF8591_H
 03A6           ; 
 03A6           ; #include "D:\ICC_H\CmmICC.H"
 03A6           ; //sbit I2C_SCL=P3^1;
 03A6           ; //sbit I2C_SDA=P3^0;
 03A6           ; #include "D:\ICC_H\I2C.H"
 03A6           ; 
 03A6           ; //器件地址：A0 A1 A2 = 0 0 0
 03A6           ; #ifndef WR_DADR 
 03A6           ;       #define WR_DADR         0x90    //write device-address 
 03A6           ; #endif
 03A6           ; #ifndef RD_DADR 
 03A6           ;       #define RD_DADR         0x91    //read device-address
 03A6           ; #endif
 03A6           ; 
 03A6           ; #define MODE0         0x00    //Channel0 = AIN0;
 03A6           ;                                               //Channel1 = AIN1;
 03A6           ;                                               //Channel2 = AIN2;
 03A6           ;                                               //Channel3 = AIN3;
 03A6           ; #define MODE1         0x10    //Channel0 = AIN3-AIN0;
 03A6           ;                                               //Channel1 = AIN3-AIN1
 03A6           ;                                               //Channel2 = AIN3-AIN2;
 03A6           ; #define MODE2         0x20    //Channel0 = AIN0;
 03A6           ;                                               //Channel1 = AIN1;
 03A6           ;                                               //Channel2 = AIN3-AIN2;
 03A6           ; #define MODE3         0x30    //Channel0 = AIN1-AIN0;
 03A6           ;                                               //Channel1 = AIN3-AIN2;
 03A6           ; 
 03A6           ; #define CHNL0         0               //Using Channel0
 03A6           ; #define CHNL1         1               //Using Channel1
 03A6           ; #define CHNL2         2               //Using Channel2
 03A6           ; #define CHNL3         3               //Using Channel3
 03A6           ; 
 03A6           ; #define DAouputEn     0x40    //0x50 or 0x60 or 0x70 is also ok!
 03A6           ; 
 03A6           ; /*--------------------------------------------------------------------
 03A6           ; 函数全称：
 03A6           ; 函数功能：
 03A6           ; 注意事项：
 03A6           ; 提示说明：
 03A6           ; 输    入：    
 03A6           ; 返    回：00H~FFH
 03A6           ; --------------------------------------------------------------------*/
 03A6           ; void PCF8591_getAD(uint8 mode,uint8 chan,uint8 *pRdDat)
 03A6           ; {
 03A6                   .dbline 90
 03A6           ;       I2C_Read(WR_DADR,mode|chan,RD_DADR,pRdDat);
 03A6 FB82              std y+3,R15
 03A8 EA82              std y+2,R14
 03AA 81E9              ldi R24,145
 03AC 8883              std y+0,R24
 03AE 2C2D              mov R18,R12
 03B0 2A29              or R18,R10
 03B2 00E9              ldi R16,144
 03B4 10E0              ldi R17,0
 03B6 3CDF              xcall _I2C_Read
 03B8                   .dbline -2
 03B8           L126:
 03B8                   .dbline 0 ; func end
 03B8 2496              adiw R28,4
 03BA 0C940000          xjmp pop_xgset00FC
 03BE                   .dbsym r pRdDat 14 pc
 03BE                   .dbsym r chan 10 c
 03BE                   .dbsym r mode 12 c
 03BE                   .dbend
 03BE                   .dbfunc e PCF8591_setDA _PCF8591_setDA fV
 03BE           ;            val -> R10
                        .even
 03BE           _PCF8591_setDA::
 03BE AA92              st -y,R10
 03C0 A02E              mov R10,R16
 03C2 2197              sbiw R28,1
 03C4                   .dbline -1
 03C4                   .dbline 101
 03C4           ; }
 03C4           ; /*--------------------------------------------------------------------
 03C4           ; 函数全称：
 03C4           ; 函数功能：
 03C4           ; 注意事项：
 03C4           ; 提示说明：
 03C4           ; 输    入：00H~FFH     
 03C4           ; 返    回：
 03C4           ; --------------------------------------------------------------------*/
 03C4           ; void PCF8591_setDA(uint8 val)
 03C4           ; {
 03C4                   .dbline 102
 03C4           ;       I2C_Write(WR_DADR,DAouputEn,val);
 03C4 A882              std y+0,R10
 03C6 20E4              ldi R18,64
 03C8 00E9              ldi R16,144
 03CA 10E0              ldi R17,0
 03CC 0EDF              xcall _I2C_Write
 03CE                   .dbline -2
 03CE           L127:
 03CE                   .dbline 0 ; func end
 03CE 2196              adiw R28,1
 03D0 A990              ld R10,y+
 03D2 0895              ret
 03D4                   .dbsym r val 10 c
 03D4                   .dbend
 03D4                   .dbfile E:\吴泽备份\DVK501光盘内容\STK16_~1.0\PCF859~1\PCF8591\PCF8591.C
 03D4                   .dbfunc e errDisp _errDisp fV
                        .even
 03D4           _errDisp::
 03D4                   .dbline -1
 03D4                   .dbline 65
 03D4           ; /*********************************************************************
 03D4           ;       微 雪 电 子   WaveShare   http://www.waveShare.net              
 03D4           ;                                                                           
 03D4           ; 项目名称:   PCF8591示例程序
 03D4           ;               
 03D4           ; 目标系统:   “DVK501” && “M16+ EX”
 03D4           ; 
 03D4           ; 应用软件:   ICCAVR 6.31A                                             
 03D4           ;                                                                               
 03D4           ; 版    本:   V1.0 
 03D4           ;                                                         
 03D4           ; 圆版时间:   2009-7-1
 03D4           ; 
 03D4           ; 开发人员:   zz
 03D4           ; 
 03D4           ; 说    明:   若用于商业用途，请保留此段文字或注明代码来源
 03D4           ;               
 03D4           ;       深 圳 市 微 雪 电 子 有 限 公 司 保 留 所 有 的 版 权     
 03D4           ; *********************************************************************/
 03D4           ; 
 03D4           ; /*01010101010101010101010101010101010101010101010101010101010101010101
 03D4           ; ----------------------------------------------------------------------
 03D4           ; 版本更新记录：
 03D4           ; 
 03D4           ; ----------------------------------------------------------------------
 03D4           ; 实验内容：
 03D4           ; 初始化、读取AD、输出DA，使用PD口的LED指示获取的AD数据，使用万用表测量DA的输出电压。
 03D4           ; ----------------------------------------------------------------------
 03D4           ; 硬件连接：将PCF8591的A0、A1、A2使用短路帽短接至“－  ”。
 03D4           ;                 将PCF8591的IN0接可调电阻的AD1
 03D4           ;                 将PCF8591的OUT外接万用表的表笔(用电压档)
 03D4           ;                  STK16+               DVK501
 03D4           ;                          PORTA        ---------   LED0~7
 03D4           ;                               
 03D4           ;                         DVK501                                 STK16+
 03D4           ;                               VCC             ---------         VCC
 03D4           ;                               GND             ---------         GND
 03D4           ;                               SCK             ---------         PC0(SCL)
 03D4           ;                               SDA             ---------         PC1(SDA)
 03D4           ; ----------------------------------------------------------------------
 03D4           ; 注意事项： 
 03D4           ; （1）若有加载库函数，请将光盘根目录下的“库函数”下的“ICC_H”文件夹拷到D盘
 03D4           ; （2）请详细阅读“使用必读”及相关资料。
 03D4           ; ----------------------------------------------------------------------
 03D4           ; 10101010101010101010101010101010101010101010101010101010101010101010*/
 03D4           ; 
 03D4           ; #include <iom16v.h>
 03D4           ; 
 03D4           ; #define WR_DADR               0x90    //write device-address
 03D4           ; #define RD_DADR               0x91    //read device-address
 03D4           ; #include "D:\ICC_H\PCF8591.H"
 03D4           ; 
 03D4           ; #define DISP_DDR      DDRA
 03D4           ; #define DISP_PORT     PORTA
 03D4           ; 
 03D4           ; /*--------------------------------------------------------------------
 03D4           ; 函数名称：
 03D4           ; 函数功能：
 03D4           ; 注意事项：
 03D4           ; 提示说明：
 03D4           ; 输    入：
 03D4           ; 返    回：
 03D4           ; --------------------------------------------------------------------*/
 03D4           ; void errDisp()                                
 03D4           ; {
 03D4                   .dbline 66
 03D4           ;       DISP_PORT = 0X55;
 03D4 85E5              ldi R24,85
 03D6 8BBB              out 0x1b,R24
 03D8                   .dbline 67
 03D8           ;       delay50ms(4);
 03D8 04E0              ldi R16,4
 03DA 10E0              ldi R17,0
 03DC B2DF              xcall _delay50ms
 03DE                   .dbline 68
 03DE           ;       DISP_PORT = 0X00;
 03DE 2224              clr R2
 03E0 2BBA              out 0x1b,R2
 03E2                   .dbline 69
 03E2           ;       delay50ms(4);
 03E2 04E0              ldi R16,4
 03E4 10E0              ldi R17,0
 03E6 ADDF              xcall _delay50ms
 03E8                   .dbline 70
 03E8           ;       DISP_PORT = 0XAA;
 03E8 8AEA              ldi R24,170
 03EA 8BBB              out 0x1b,R24
 03EC                   .dbline 71
 03EC           ;       delay50ms(4);
 03EC 04E0              ldi R16,4
 03EE 10E0              ldi R17,0
 03F0 A8DF              xcall _delay50ms
 03F2                   .dbline 72
 03F2           ;       DISP_PORT = 0X00;
 03F2 2224              clr R2
 03F4 2BBA              out 0x1b,R2
 03F6                   .dbline 73
 03F6           ;       delay50ms(4);
 03F6 04E0              ldi R16,4
 03F8 10E0              ldi R17,0
 03FA                   .dbline -2
 03FA           L128:
 03FA                   .dbline 0 ; func end
 03FA A3CF              xjmp _delay50ms
 03FC                   .dbend
 03FC                   .dbfunc e main _main fV
 03FC           ;          DAval -> R20
 03FC           ;        pGetDat -> y+2
                        .even
 03FC           _main::
 03FC 2397              sbiw R28,3
 03FE                   .dbline -1
 03FE                   .dbline 84
 03FE           ; }  
 03FE           ; /*--------------------------------------------------------------------
 03FE           ; 函数名称：
 03FE           ; 函数功能：
 03FE           ; 注意事项：
 03FE           ; 提示说明：
 03FE           ; 输    入：
 03FE           ; 返    回：
 03FE           ; --------------------------------------------------------------------*/
 03FE           ; void main()
 03FE           ; {
 03FE                   .dbline 85
 03FE           ;       unsigned char DAval=0;
 03FE 4427              clr R20
 0400                   .dbline 87
 0400           ;       unsigned char pGetDat;  
 0400           ;     TWBR = 0X12;
 0400 82E1              ldi R24,18
 0402 80B9              out 0x0,R24
 0404                   .dbline 88
 0404           ;       DISP_DDR = 0XFF;                
 0404 8FEF              ldi R24,255
 0406 8ABB              out 0x1a,R24
 0408 10C0              xjmp L131
 040A           L130:
 040A                   .dbline 90
 040A           ;       while(1)
 040A           ;       {
 040A                   .dbline 91
 040A           ;               PCF8591_getAD(MODE0,CHNL0,&pGetDat);
 040A CE01              movw R24,R28
 040C 0296              adiw R24,2
 040E 9983              std y+1,R25
 0410 8883              std y+0,R24
 0412 2227              clr R18
 0414 0027              clr R16
 0416 C0DF              xcall _PCF8591_getAD
 0418                   .dbline 92
 0418           ;               DISP_PORT = pGetDat;
 0418 2A80              ldd R2,y+2
 041A 2BBA              out 0x1b,R2
 041C                   .dbline 93
 041C           ;               PCF8591_setDA(DAval++);
 041C 242E              mov R2,R20
 041E 4F5F              subi R20,255    ; addi 1
 0420 022D              mov R16,R2
 0422 CDDF              xcall _PCF8591_setDA
 0424                   .dbline 94
 0424           ;               delay50ms(1);
 0424 01E0              ldi R16,1
 0426 10E0              ldi R17,0
 0428 8CDF              xcall _delay50ms
 042A                   .dbline 95
 042A           ;       }
 042A           L131:
 042A                   .dbline 89
 042A EFCF              xjmp L130
 042C           X45:
 042C                   .dbline -2
 042C           L129:
 042C                   .dbline 0 ; func end
 042C 2396              adiw R28,3
 042E 0895              ret
 0430                   .dbsym r DAval 20 c
 0430                   .dbsym l pGetDat 2 c
 0430                   .dbend
                        .area bss(ram, con, rel)
 0000                   .dbfile E:\吴泽备份\DVK501光盘内容\STK16_~1.0\PCF859~1\PCF8591\PCF8591.C
 0000           _dataElem::
 0000                   .blkb 6
 0006                   .dbfile D:\ICC_H\Software.H
 0006                   .dbsym e dataElem _dataElem A[6:6]c
 0006           ; }
